#
# There is insufficient memory for the Java Runtime Environment to continue.
# Native memory allocation (mmap) failed to map 1048576 bytes. Error detail: G1 virtual space
# Possible reasons:
#   The system is out of physical RAM or swap space
#   This process is running with CompressedOops enabled, and the Java Heap may be blocking the growth of the native heap
# Possible solutions:
#   Reduce memory load on the system
#   Increase physical memory or swap space
#   Check if swap backing store is full
#   Decrease Java heap size (-Xmx/-Xms)
#   Decrease number of Java threads
#   Decrease Java thread stack sizes (-Xss)
#   Set larger code cache with -XX:ReservedCodeCacheSize=
#   JVM is running with Unscaled Compressed Oops mode in which the Java heap is
#     placed in the first 4GB address space. The Java Heap base address is the
#     maximum limit for the native heap growth. Please use -XX:HeapBaseMinAddress
#     to set the Java Heap base and to place the Java Heap above 4GB virtual address.
# This output file may be truncated or incomplete.
#
#  Out of Memory Error (os_windows.cpp:3828), pid=13876, tid=19240
#
# JRE version: OpenJDK Runtime Environment (21.0.4) (build 21.0.4+-12508038-b607.1)
# Java VM: OpenJDK 64-Bit Server VM (21.0.4+-12508038-b607.1, mixed mode, tiered, compressed oops, compressed class ptrs, g1 gc, windows-amd64)
# No core dump will be written. Minidumps are not enabled by default on client versions of Windows
#

---------------  S U M M A R Y ------------

Command Line: --add-opens=java.base/java.util=ALL-UNNAMED --add-opens=java.base/java.lang=ALL-UNNAMED --add-opens=java.base/java.lang.invoke=ALL-UNNAMED --add-opens=java.prefs/java.util.prefs=ALL-UNNAMED --add-exports=jdk.compiler/com.sun.tools.javac.api=ALL-UNNAMED --add-exports=jdk.compiler/com.sun.tools.javac.util=ALL-UNNAMED --add-opens=java.base/java.nio.charset=ALL-UNNAMED --add-opens=java.base/java.net=ALL-UNNAMED --add-opens=java.base/java.util.concurrent.atomic=ALL-UNNAMED -Xmx2048m -Dfile.encoding=UTF-8 -Duser.country=IN -Duser.language=en -Duser.variant -javaagent:C:\Users\dhruv\.gradle\wrapper\dists\gradle-8.10.2-bin\a04bxjujx95o3nb99gddekhwo\gradle-8.10.2\lib\agents\gradle-instrumentation-agent-8.10.2.jar org.gradle.launcher.daemon.bootstrap.GradleDaemon 8.10.2

Host: AMD Ryzen 5 5600H with Radeon Graphics         , 12 cores, 15G,  Windows 11 , 64 bit Build 26100 (10.0.26100.3037)
Time: Thu Feb 13 15:04:54 2025 India Standard Time elapsed time: 9.576659 seconds (0d 0h 0m 9s)

---------------  T H R E A D  ---------------

Current thread (0x0000017f503d4040):  WorkerThread "GC Thread#9"    [id=19240, stack(0x0000000102c00000,0x0000000102d00000) (1024K)]

Stack: [0x0000000102c00000,0x0000000102d00000]
Native frames: (J=compiled Java code, j=interpreted, Vv=VM code, C=native code)
V  [jvm.dll+0x6ce539]
V  [jvm.dll+0x85bf03]
V  [jvm.dll+0x85e45e]
V  [jvm.dll+0x85eb43]
V  [jvm.dll+0x27dd06]
V  [jvm.dll+0x6cada5]
V  [jvm.dll+0x6bf27a]
V  [jvm.dll+0x3541fb]
V  [jvm.dll+0x35be36]
V  [jvm.dll+0x3ad8cb]
V  [jvm.dll+0x3adf84]
V  [jvm.dll+0x3ae04d]
V  [jvm.dll+0x3280dc]
V  [jvm.dll+0x327e38]
V  [jvm.dll+0x316a16]
V  [jvm.dll+0x3178aa]
V  [jvm.dll+0x317dd8]
V  [jvm.dll+0x3177a7]
V  [jvm.dll+0x35606a]
V  [jvm.dll+0x3563e6]
V  [jvm.dll+0x35752a]
V  [jvm.dll+0x3571a4]
V  [jvm.dll+0x36b729]
V  [jvm.dll+0x36bdea]
V  [jvm.dll+0x36bee7]
V  [jvm.dll+0x36cdcb]
V  [jvm.dll+0x889be4]
V  [jvm.dll+0x804418]
V  [jvm.dll+0x6cce0d]
C  [ucrtbase.dll+0x37b0]
C  [KERNEL32.DLL+0x2e8d7]
C  [ntdll.dll+0xbbf2c]


---------------  P R O C E S S  ---------------

Threads class SMR info:
_java_thread_list=0x0000017f52203610, length=66, elements={
0x0000017f6f935a40, 0x0000017f7a750e70, 0x0000017f7a7514e0, 0x0000017f7a753cb0,
0x0000017f7a752c90, 0x0000017f7a771350, 0x0000017f7a7719c0, 0x0000017f7a772360,
0x0000017f7a775f10, 0x0000017f7a8b5430, 0x0000017f7aa46190, 0x0000017f7f14ad60,
0x0000017f505b2810, 0x0000017f506e1a50, 0x0000017f507c4f70, 0x0000017f508c1300,
0x0000017f508c1970, 0x0000017f508b14d0, 0x0000017f5085f9f0, 0x0000017f5085e640,
0x0000017f5085c570, 0x0000017f5085d290, 0x0000017f5085f360, 0x0000017f5085ecd0,
0x0000017f5085d920, 0x0000017f5085cc00, 0x0000017f52c07cc0, 0x0000017f52c08350,
0x0000017f52c06fa0, 0x0000017f52c06280, 0x0000017f52c05bf0, 0x0000017f52c09d90,
0x0000017f52c09070, 0x0000017f52c0cb80, 0x0000017f52c0a420, 0x0000017f52c0c4f0,
0x0000017f52c0d210, 0x0000017f52c0aab0, 0x0000017f52c0b140, 0x0000017f52c0b7d0,
0x0000017f511a2ae0, 0x0000017f511a5f60, 0x0000017f511a65f0, 0x0000017f511a3800,
0x0000017f511a3e90, 0x0000017f511a3170, 0x0000017f511a6c80, 0x0000017f511a79a0,
0x0000017f511a5240, 0x0000017f511a58d0, 0x0000017f511a7310, 0x0000017f511a4520,
0x0000017f511a8030, 0x0000017f511a4bb0, 0x0000017f511a86c0, 0x0000017f511a8d50,
0x0000017f511a9a70, 0x0000017f511a93e0, 0x0000017f511aa100, 0x0000017f5477f730,
0x0000017f54781800, 0x0000017f54780450, 0x0000017f54780ae0, 0x0000017f5477ea10,
0x0000017f5477fdc0, 0x0000017f5477e380
}

Java Threads: ( => current thread )
  0x0000017f6f935a40 JavaThread "main"                              [_thread_blocked, id=2896, stack(0x0000000100600000,0x0000000100700000) (1024K)]
  0x0000017f7a750e70 JavaThread "Reference Handler"          daemon [_thread_blocked, id=19728, stack(0x0000000100e00000,0x0000000100f00000) (1024K)]
  0x0000017f7a7514e0 JavaThread "Finalizer"                  daemon [_thread_blocked, id=21352, stack(0x0000000100f00000,0x0000000101000000) (1024K)]
  0x0000017f7a753cb0 JavaThread "Signal Dispatcher"          daemon [_thread_blocked, id=20964, stack(0x0000000101000000,0x0000000101100000) (1024K)]
  0x0000017f7a752c90 JavaThread "Attach Listener"            daemon [_thread_blocked, id=11544, stack(0x0000000101100000,0x0000000101200000) (1024K)]
  0x0000017f7a771350 JavaThread "Service Thread"             daemon [_thread_blocked, id=23120, stack(0x0000000101200000,0x0000000101300000) (1024K)]
  0x0000017f7a7719c0 JavaThread "Monitor Deflation Thread"   daemon [_thread_blocked, id=17480, stack(0x0000000101300000,0x0000000101400000) (1024K)]
  0x0000017f7a772360 JavaThread "C2 CompilerThread0"         daemon [_thread_blocked, id=11284, stack(0x0000000101400000,0x0000000101500000) (1024K)]
  0x0000017f7a775f10 JavaThread "C1 CompilerThread0"         daemon [_thread_blocked, id=7280, stack(0x0000000101500000,0x0000000101600000) (1024K)]
  0x0000017f7a8b5430 JavaThread "Common-Cleaner"             daemon [_thread_blocked, id=21704, stack(0x0000000101600000,0x0000000101700000) (1024K)]
  0x0000017f7aa46190 JavaThread "Notification Thread"        daemon [_thread_blocked, id=21260, stack(0x0000000101700000,0x0000000101800000) (1024K)]
  0x0000017f7f14ad60 JavaThread "C2 CompilerThread1"         daemon [_thread_blocked, id=10684, stack(0x0000000101800000,0x0000000101900000) (1024K)]
  0x0000017f505b2810 JavaThread "Daemon health stats"               [_thread_blocked, id=22776, stack(0x0000000102200000,0x0000000102300000) (1024K)]
  0x0000017f506e1a50 JavaThread "Incoming local TCP Connector on port 52402"        [_thread_in_native, id=17044, stack(0x0000000102300000,0x0000000102400000) (1024K)]
  0x0000017f507c4f70 JavaThread "Daemon periodic checks"            [_thread_blocked, id=18728, stack(0x0000000102400000,0x0000000102500000) (1024K)]
  0x0000017f508c1300 JavaThread "Daemon"                            [_thread_blocked, id=1544, stack(0x0000000102500000,0x0000000102600000) (1024K)]
  0x0000017f508c1970 JavaThread "Handler for socket connection from /127.0.0.1:52402 to /127.0.0.1:52403"        [_thread_in_native, id=20196, stack(0x0000000102600000,0x0000000102700000) (1024K)]
  0x0000017f508b14d0 JavaThread "Cancel handler"                    [_thread_blocked, id=20620, stack(0x0000000102700000,0x0000000102800000) (1024K)]
  0x0000017f5085f9f0 JavaThread "Daemon worker"                     [_thread_blocked, id=17568, stack(0x0000000102800000,0x0000000102900000) (1024K)]
  0x0000017f5085e640 JavaThread "Asynchronous log dispatcher for DefaultDaemonConnection: socket connection from /127.0.0.1:52402 to /127.0.0.1:52403"        [_thread_blocked, id=3892, stack(0x0000000102900000,0x0000000102a00000) (1024K)]
  0x0000017f5085c570 JavaThread "Stdin handler"                     [_thread_blocked, id=21516, stack(0x0000000102a00000,0x0000000102b00000) (1024K)]
  0x0000017f5085d290 JavaThread "Daemon client event forwarder"        [_thread_blocked, id=2732, stack(0x0000000102b00000,0x0000000102c00000) (1024K)]
  0x0000017f5085f360 JavaThread "Cache worker for journal cache (C:\Users\dhruv\.gradle\caches\journal-1)"        [_thread_blocked, id=22216, stack(0x0000000102f00000,0x0000000103000000) (1024K)]
  0x0000017f5085ecd0 JavaThread "File lock request listener"        [_thread_in_native, id=18776, stack(0x0000000103000000,0x0000000103100000) (1024K)]
  0x0000017f5085d920 JavaThread "Cache worker for file hash cache (C:\Users\dhruv\.gradle\caches\8.10.2\fileHashes)"        [_thread_blocked, id=14192, stack(0x0000000103100000,0x0000000103200000) (1024K)]
  0x0000017f5085cc00 JavaThread "Cache worker for file hash cache (D:\Android Development\WorkoutApp\.gradle\8.10.2\fileHashes)"        [_thread_blocked, id=20804, stack(0x0000000103200000,0x0000000103300000) (1024K)]
  0x0000017f52c07cc0 JavaThread "Cache worker for Build Output Cleanup Cache (D:\Android Development\WorkoutApp\.gradle\buildOutputCleanup)"        [_thread_blocked, id=4356, stack(0x0000000103300000,0x0000000103400000) (1024K)]
  0x0000017f52c08350 JavaThread "File watcher server"        daemon [_thread_blocked, id=17852, stack(0x0000000103400000,0x0000000103500000) (1024K)]
  0x0000017f52c06fa0 JavaThread "File watcher consumer"      daemon [_thread_blocked, id=14248, stack(0x0000000103500000,0x0000000103600000) (1024K)]
  0x0000017f52c06280 JavaThread "Cache worker for checksums cache (D:\Android Development\WorkoutApp\.gradle\8.10.2\checksums)"        [_thread_blocked, id=21296, stack(0x0000000103600000,0x0000000103700000) (1024K)]
  0x0000017f52c05bf0 JavaThread "Cache worker for file content cache (C:\Users\dhruv\.gradle\caches\8.10.2\fileContent)"        [_thread_blocked, id=404, stack(0x0000000103700000,0x0000000103800000) (1024K)]
  0x0000017f52c09d90 JavaThread "Cache worker for cache directory md-rule (C:\Users\dhruv\.gradle\caches\8.10.2\md-rule)"        [_thread_blocked, id=17040, stack(0x0000000103800000,0x0000000103900000) (1024K)]
  0x0000017f52c09070 JavaThread "Cache worker for cache directory md-supplier (C:\Users\dhruv\.gradle\caches\8.10.2\md-supplier)"        [_thread_blocked, id=1404, stack(0x0000000103900000,0x0000000103a00000) (1024K)]
  0x0000017f52c0cb80 JavaThread "Unconstrained build operations"        [_thread_blocked, id=15480, stack(0x0000000103a00000,0x0000000103b00000) (1024K)]
  0x0000017f52c0a420 JavaThread "Unconstrained build operations Thread 2"        [_thread_blocked, id=8084, stack(0x0000000103b00000,0x0000000103c00000) (1024K)]
  0x0000017f52c0c4f0 JavaThread "Unconstrained build operations Thread 3"        [_thread_blocked, id=9908, stack(0x0000000103c00000,0x0000000103d00000) (1024K)]
  0x0000017f52c0d210 JavaThread "Unconstrained build operations Thread 4"        [_thread_blocked, id=14224, stack(0x0000000103d00000,0x0000000103e00000) (1024K)]
  0x0000017f52c0aab0 JavaThread "Unconstrained build operations Thread 5"        [_thread_blocked, id=21840, stack(0x0000000103e00000,0x0000000103f00000) (1024K)]
  0x0000017f52c0b140 JavaThread "Unconstrained build operations Thread 6"        [_thread_blocked, id=13684, stack(0x0000000103f00000,0x0000000104000000) (1024K)]
  0x0000017f52c0b7d0 JavaThread "Unconstrained build operations Thread 7"        [_thread_blocked, id=20288, stack(0x0000000104000000,0x0000000104100000) (1024K)]
  0x0000017f511a2ae0 JavaThread "Unconstrained build operations Thread 8"        [_thread_blocked, id=14604, stack(0x0000000104100000,0x0000000104200000) (1024K)]
  0x0000017f511a5f60 JavaThread "Unconstrained build operations Thread 9"        [_thread_blocked, id=20664, stack(0x0000000104200000,0x0000000104300000) (1024K)]
  0x0000017f511a65f0 JavaThread "Unconstrained build operations Thread 10"        [_thread_blocked, id=4768, stack(0x0000000104300000,0x0000000104400000) (1024K)]
  0x0000017f511a3800 JavaThread "Unconstrained build operations Thread 11"        [_thread_blocked, id=13948, stack(0x0000000104400000,0x0000000104500000) (1024K)]
  0x0000017f511a3e90 JavaThread "Unconstrained build operations Thread 12"        [_thread_blocked, id=14296, stack(0x0000000104500000,0x0000000104600000) (1024K)]
  0x0000017f511a3170 JavaThread "Unconstrained build operations Thread 13"        [_thread_blocked, id=11904, stack(0x0000000104600000,0x0000000104700000) (1024K)]
  0x0000017f511a6c80 JavaThread "Unconstrained build operations Thread 14"        [_thread_blocked, id=21780, stack(0x0000000104700000,0x0000000104800000) (1024K)]
  0x0000017f511a79a0 JavaThread "Unconstrained build operations Thread 15"        [_thread_blocked, id=14588, stack(0x0000000104800000,0x0000000104900000) (1024K)]
  0x0000017f511a5240 JavaThread "Unconstrained build operations Thread 16"        [_thread_blocked, id=13604, stack(0x0000000104900000,0x0000000104a00000) (1024K)]
  0x0000017f511a58d0 JavaThread "Unconstrained build operations Thread 17"        [_thread_blocked, id=18652, stack(0x0000000104a00000,0x0000000104b00000) (1024K)]
  0x0000017f511a7310 JavaThread "Unconstrained build operations Thread 18"        [_thread_blocked, id=13680, stack(0x0000000104b00000,0x0000000104c00000) (1024K)]
  0x0000017f511a4520 JavaThread "Unconstrained build operations Thread 19"        [_thread_blocked, id=22608, stack(0x0000000104c00000,0x0000000104d00000) (1024K)]
  0x0000017f511a8030 JavaThread "Unconstrained build operations Thread 20"        [_thread_blocked, id=8716, stack(0x0000000104d00000,0x0000000104e00000) (1024K)]
  0x0000017f511a4bb0 JavaThread "Unconstrained build operations Thread 21"        [_thread_blocked, id=8044, stack(0x0000000104e00000,0x0000000104f00000) (1024K)]
  0x0000017f511a86c0 JavaThread "Unconstrained build operations Thread 22"        [_thread_blocked, id=22860, stack(0x0000000104f00000,0x0000000105000000) (1024K)]
  0x0000017f511a8d50 JavaThread "Unconstrained build operations Thread 23"        [_thread_blocked, id=22820, stack(0x0000000105000000,0x0000000105100000) (1024K)]
  0x0000017f511a9a70 JavaThread "Unconstrained build operations Thread 24"        [_thread_blocked, id=23424, stack(0x0000000105100000,0x0000000105200000) (1024K)]
  0x0000017f511a93e0 JavaThread "Unconstrained build operations Thread 25"        [_thread_blocked, id=10632, stack(0x0000000105200000,0x0000000105300000) (1024K)]
  0x0000017f511aa100 JavaThread "Unconstrained build operations Thread 26"        [_thread_blocked, id=7496, stack(0x0000000105300000,0x0000000105400000) (1024K)]
  0x0000017f5477f730 JavaThread "Unconstrained build operations Thread 27"        [_thread_blocked, id=16656, stack(0x0000000105400000,0x0000000105500000) (1024K)]
  0x0000017f54781800 JavaThread "Unconstrained build operations Thread 28"        [_thread_blocked, id=22316, stack(0x0000000105500000,0x0000000105600000) (1024K)]
  0x0000017f54780450 JavaThread "Unconstrained build operations Thread 29"        [_thread_blocked, id=21416, stack(0x0000000105600000,0x0000000105700000) (1024K)]
  0x0000017f54780ae0 JavaThread "Unconstrained build operations Thread 30"        [_thread_blocked, id=8308, stack(0x0000000105700000,0x0000000105800000) (1024K)]
  0x0000017f5477ea10 JavaThread "Unconstrained build operations Thread 31"        [_thread_blocked, id=22152, stack(0x0000000105800000,0x0000000105900000) (1024K)]
  0x0000017f5477fdc0 JavaThread "Unconstrained build operations Thread 32"        [_thread_blocked, id=1784, stack(0x0000000105900000,0x0000000105a00000) (1024K)]
  0x0000017f5477e380 JavaThread "Unconstrained build operations Thread 33"        [_thread_blocked, id=21628, stack(0x0000000105a00000,0x0000000105b00000) (1024K)]
Total: 66

Other Threads:
  0x0000017f7a624be0 VMThread "VM Thread"                           [id=6052, stack(0x0000000100d00000,0x0000000100e00000) (1024K)]
  0x0000017f7a6d09d0 WatcherThread "VM Periodic Task Thread"        [id=12008, stack(0x0000000100c00000,0x0000000100d00000) (1024K)]
  0x0000017f71b731e0 WorkerThread "GC Thread#0"                     [id=6380, stack(0x0000000100700000,0x0000000100800000) (1024K)]
  0x0000017f7f366550 WorkerThread "GC Thread#1"                     [id=9656, stack(0x0000000101a00000,0x0000000101b00000) (1024K)]
  0x0000017f7f3668f0 WorkerThread "GC Thread#2"                     [id=22664, stack(0x0000000101b00000,0x0000000101c00000) (1024K)]
  0x0000017f7f7c31a0 WorkerThread "GC Thread#3"                     [id=18572, stack(0x0000000101c00000,0x0000000101d00000) (1024K)]
  0x0000017f7f7c3540 WorkerThread "GC Thread#4"                     [id=4368, stack(0x0000000101d00000,0x0000000101e00000) (1024K)]
  0x0000017f505bb860 WorkerThread "GC Thread#5"                     [id=22492, stack(0x0000000101e00000,0x0000000101f00000) (1024K)]
  0x0000017f50630e70 WorkerThread "GC Thread#6"                     [id=23060, stack(0x0000000101f00000,0x0000000102000000) (1024K)]
  0x0000017f50631610 WorkerThread "GC Thread#7"                     [id=2448, stack(0x0000000102000000,0x0000000102100000) (1024K)]
  0x0000017f503d3ca0 WorkerThread "GC Thread#8"                     [id=16740, stack(0x0000000102100000,0x0000000102200000) (1024K)]
=>0x0000017f503d4040 WorkerThread "GC Thread#9"                     [id=19240, stack(0x0000000102c00000,0x0000000102d00000) (1024K)]
  0x0000017f71b840d0 ConcurrentGCThread "G1 Main Marker"            [id=8672, stack(0x0000000100800000,0x0000000100900000) (1024K)]
  0x0000017f71b867d0 WorkerThread "G1 Conc#0"                       [id=21016, stack(0x0000000100900000,0x0000000100a00000) (1024K)]
  0x0000017f503d26e0 WorkerThread "G1 Conc#1"                       [id=8436, stack(0x0000000102d00000,0x0000000102e00000) (1024K)]
  0x0000017f503d2a80 WorkerThread "G1 Conc#2"                       [id=8376, stack(0x0000000102e00000,0x0000000102f00000) (1024K)]
  0x0000017f7a537b40 ConcurrentGCThread "G1 Refine#0"               [id=13960, stack(0x0000000100a00000,0x0000000100b00000) (1024K)]
  0x0000017f7a537f70 ConcurrentGCThread "G1 Service"                [id=21256, stack(0x0000000100b00000,0x0000000100c00000) (1024K)]
Total: 18

Threads with active compile tasks:
C2 CompilerThread0     9605 8240       4       com.google.common.cache.LocalCache$LocalManualCache::getIfPresent (9 bytes)
Total: 1

VM state: at safepoint (normal execution)

VM Mutex/Monitor currently owned by a thread:  ([mutex/lock_event])
[0x00007ff9b6464bf8] FreeList_lock - owner thread: 0x0000017f503d4040
[0x00007ff9b64672f8] Threads_lock - owner thread: 0x0000017f7a624be0
[0x00007ff9b64673f8] Heap_lock - owner thread: 0x0000017f5085f9f0

Heap address: 0x0000000080000000, size: 2048 MB, Compressed Oops mode: 32-bit

CDS archive(s) not mapped
Compressed class space mapped at: 0x0000017f0f000000-0x0000017f4f000000, reserved size: 1073741824
Narrow klass base: 0x0000017f0f000000, Narrow klass shift: 0, Narrow klass range: 0x40000000

GC Precious Log:
 CardTable entry size: 512
 Card Set container configuration: InlinePtr #cards 5 size 8 Array Of Cards #cards 12 size 40 Howl #buckets 4 coarsen threshold 1843 Howl Bitmap #cards 512 size 80 coarsen threshold 460 Card regions per heap region 1 cards per card region 2048
 CPUs: 12 total, 12 available
 Memory: 15773M
 Large Page Support: Disabled
 NUMA Support: Disabled
 Compressed Oops: Enabled (32-bit)
 Heap Region Size: 1M
 Heap Min Capacity: 8M
 Heap Initial Capacity: 248M
 Heap Max Capacity: 2G
 Pre-touch: Disabled
 Parallel Workers: 10
 Concurrent Workers: 3
 Concurrent Refinement Workers: 10
 Periodic GC: Disabled

Heap:
 garbage-first heap   total 113664K, used 106460K [0x0000000080000000, 0x0000000100000000)
  region size 1024K, 43 young (44032K), 3 survivors (3072K)
 Metaspace       used 69602K, committed 71296K, reserved 1114112K
  class space    used 9452K, committed 10304K, reserved 1048576K

Heap Regions: E=young(eden), S=young(survivor), O=old, HS=humongous(starts), HC=humongous(continues), CS=collection set, F=free, TAMS=top-at-mark-start, PB=parsable bottom
|   0|0x0000000080000000, 0x0000000080100000, 0x0000000080100000|100%| O|  |TAMS 0x0000000080000000| PB 0x0000000080000000| Untracked 
|   1|0x0000000080100000, 0x0000000080200000, 0x0000000080200000|100%| O|  |TAMS 0x0000000080100000| PB 0x0000000080100000| Untracked 
|   2|0x0000000080200000, 0x0000000080300000, 0x0000000080300000|100%|HS|  |TAMS 0x0000000080200000| PB 0x0000000080200000| Complete 
|   3|0x0000000080300000, 0x0000000080400000, 0x0000000080400000|100%|HC|  |TAMS 0x0000000080300000| PB 0x0000000080300000| Complete 
|   4|0x0000000080400000, 0x0000000080500000, 0x0000000080500000|100%|HC|  |TAMS 0x0000000080400000| PB 0x0000000080400000| Complete 
|   5|0x0000000080500000, 0x0000000080600000, 0x0000000080600000|100%|HC|  |TAMS 0x0000000080500000| PB 0x0000000080500000| Complete 
|   6|0x0000000080600000, 0x0000000080700000, 0x0000000080700000|100%| O|  |TAMS 0x0000000080600000| PB 0x0000000080600000| Untracked 
|   7|0x0000000080700000, 0x0000000080800000, 0x0000000080800000|100%| O|  |TAMS 0x0000000080700000| PB 0x0000000080700000| Untracked 
|   8|0x0000000080800000, 0x0000000080900000, 0x0000000080900000|100%| O|  |TAMS 0x0000000080800000| PB 0x0000000080800000| Untracked 
|   9|0x0000000080900000, 0x0000000080a00000, 0x0000000080a00000|100%|HS|  |TAMS 0x0000000080900000| PB 0x0000000080900000| Complete 
|  10|0x0000000080a00000, 0x0000000080b00000, 0x0000000080b00000|100%| O|  |TAMS 0x0000000080a00000| PB 0x0000000080a00000| Untracked 
|  11|0x0000000080b00000, 0x0000000080c00000, 0x0000000080c00000|100%| O|  |TAMS 0x0000000080b00000| PB 0x0000000080b00000| Untracked 
|  12|0x0000000080c00000, 0x0000000080d00000, 0x0000000080d00000|100%| O|  |TAMS 0x0000000080c00000| PB 0x0000000080c00000| Untracked 
|  13|0x0000000080d00000, 0x0000000080e00000, 0x0000000080e00000|100%| O|  |TAMS 0x0000000080d00000| PB 0x0000000080d00000| Untracked 
|  14|0x0000000080e00000, 0x0000000080f00000, 0x0000000080f00000|100%| O|  |TAMS 0x0000000080e00000| PB 0x0000000080e00000| Untracked 
|  15|0x0000000080f00000, 0x0000000081000000, 0x0000000081000000|100%| O|  |TAMS 0x0000000080f00000| PB 0x0000000080f00000| Untracked 
|  16|0x0000000081000000, 0x0000000081100000, 0x0000000081100000|100%| O|  |TAMS 0x0000000081000000| PB 0x0000000081000000| Untracked 
|  17|0x0000000081100000, 0x0000000081200000, 0x0000000081200000|100%| O|  |TAMS 0x0000000081100000| PB 0x0000000081100000| Untracked 
|  18|0x0000000081200000, 0x0000000081300000, 0x0000000081300000|100%| O|  |TAMS 0x0000000081200000| PB 0x0000000081200000| Untracked 
|  19|0x0000000081300000, 0x0000000081400000, 0x0000000081400000|100%| O|  |TAMS 0x0000000081300000| PB 0x0000000081300000| Untracked 
|  20|0x0000000081400000, 0x0000000081500000, 0x0000000081500000|100%| O|  |TAMS 0x0000000081400000| PB 0x0000000081400000| Untracked 
|  21|0x0000000081500000, 0x0000000081600000, 0x0000000081600000|100%| O|  |TAMS 0x0000000081500000| PB 0x0000000081500000| Untracked 
|  22|0x0000000081600000, 0x0000000081700000, 0x0000000081700000|100%| O|  |TAMS 0x0000000081600000| PB 0x0000000081600000| Untracked 
|  23|0x0000000081700000, 0x0000000081800000, 0x0000000081800000|100%| O|  |TAMS 0x0000000081700000| PB 0x0000000081700000| Untracked 
|  24|0x0000000081800000, 0x0000000081900000, 0x0000000081900000|100%| O|  |TAMS 0x0000000081800000| PB 0x0000000081800000| Untracked 
|  25|0x0000000081900000, 0x0000000081a00000, 0x0000000081a00000|100%| O|  |TAMS 0x0000000081900000| PB 0x0000000081900000| Untracked 
|  26|0x0000000081a00000, 0x0000000081b00000, 0x0000000081b00000|100%| O|  |TAMS 0x0000000081a00000| PB 0x0000000081a00000| Untracked 
|  27|0x0000000081b00000, 0x0000000081c00000, 0x0000000081c00000|100%| O|  |TAMS 0x0000000081b00000| PB 0x0000000081b00000| Untracked 
|  28|0x0000000081c00000, 0x0000000081d00000, 0x0000000081d00000|100%| O|  |TAMS 0x0000000081c00000| PB 0x0000000081c00000| Untracked 
|  29|0x0000000081d00000, 0x0000000081e00000, 0x0000000081e00000|100%| O|  |TAMS 0x0000000081d00000| PB 0x0000000081d00000| Untracked 
|  30|0x0000000081e00000, 0x0000000081f00000, 0x0000000081f00000|100%| O|  |TAMS 0x0000000081e00000| PB 0x0000000081e00000| Untracked 
|  31|0x0000000081f00000, 0x0000000082000000, 0x0000000082000000|100%| O|  |TAMS 0x0000000081f00000| PB 0x0000000081f00000| Untracked 
|  32|0x0000000082000000, 0x0000000082100000, 0x0000000082100000|100%| O|  |TAMS 0x0000000082000000| PB 0x0000000082000000| Untracked 
|  33|0x0000000082100000, 0x0000000082200000, 0x0000000082200000|100%| O|  |TAMS 0x0000000082100000| PB 0x0000000082100000| Untracked 
|  34|0x0000000082200000, 0x0000000082300000, 0x0000000082300000|100%| O|  |TAMS 0x0000000082200000| PB 0x0000000082200000| Untracked 
|  35|0x0000000082300000, 0x0000000082400000, 0x0000000082400000|100%| O|  |TAMS 0x0000000082300000| PB 0x0000000082300000| Untracked 
|  36|0x0000000082400000, 0x0000000082500000, 0x0000000082500000|100%| O|  |TAMS 0x0000000082400000| PB 0x0000000082400000| Untracked 
|  37|0x0000000082500000, 0x0000000082600000, 0x0000000082600000|100%| O|  |TAMS 0x0000000082500000| PB 0x0000000082500000| Untracked 
|  38|0x0000000082600000, 0x0000000082700000, 0x0000000082700000|100%| O|  |TAMS 0x0000000082600000| PB 0x0000000082600000| Untracked 
|  39|0x0000000082700000, 0x0000000082800000, 0x0000000082800000|100%| O|Cm|TAMS 0x0000000082700000| PB 0x0000000082700000| Complete 
|  40|0x0000000082800000, 0x0000000082900000, 0x0000000082900000|100%| O|  |TAMS 0x0000000082800000| PB 0x0000000082800000| Untracked 
|  41|0x0000000082900000, 0x0000000082a00000, 0x0000000082a00000|100%| O|  |TAMS 0x0000000082900000| PB 0x0000000082900000| Untracked 
|  42|0x0000000082a00000, 0x0000000082b00000, 0x0000000082b00000|100%|HS|  |TAMS 0x0000000082a00000| PB 0x0000000082a00000| Complete 
|  43|0x0000000082b00000, 0x0000000082c00000, 0x0000000082c00000|100%|HS|  |TAMS 0x0000000082b00000| PB 0x0000000082b00000| Complete 
|  44|0x0000000082c00000, 0x0000000082d00000, 0x0000000082d00000|100%| O|  |TAMS 0x0000000082c00000| PB 0x0000000082c00000| Untracked 
|  45|0x0000000082d00000, 0x0000000082e00000, 0x0000000082e00000|100%| O|Cm|TAMS 0x0000000082d00000| PB 0x0000000082d00000| Complete 
|  46|0x0000000082e00000, 0x0000000082f00000, 0x0000000082f00000|100%|HS|  |TAMS 0x0000000082e00000| PB 0x0000000082e00000| Complete 
|  47|0x0000000082f00000, 0x0000000083000000, 0x0000000083000000|100%| O|  |TAMS 0x0000000082f00000| PB 0x0000000082f00000| Untracked 
|  48|0x0000000083000000, 0x0000000083100000, 0x0000000083100000|100%|HS|  |TAMS 0x0000000083000000| PB 0x0000000083000000| Complete 
|  49|0x0000000083100000, 0x0000000083200000, 0x0000000083200000|100%|HC|  |TAMS 0x0000000083100000| PB 0x0000000083100000| Complete 
|  50|0x0000000083200000, 0x0000000083300000, 0x0000000083300000|100%|HS|  |TAMS 0x0000000083200000| PB 0x0000000083200000| Complete 
|  51|0x0000000083300000, 0x0000000083400000, 0x0000000083400000|100%|HC|  |TAMS 0x0000000083300000| PB 0x0000000083300000| Complete 
|  52|0x0000000083400000, 0x0000000083500000, 0x0000000083500000|100%|HS|  |TAMS 0x0000000083400000| PB 0x0000000083400000| Complete 
|  53|0x0000000083500000, 0x0000000083600000, 0x0000000083600000|100%|HC|  |TAMS 0x0000000083500000| PB 0x0000000083500000| Complete 
|  54|0x0000000083600000, 0x0000000083700000, 0x0000000083700000|100%|HC|  |TAMS 0x0000000083600000| PB 0x0000000083600000| Complete 
|  55|0x0000000083700000, 0x0000000083800000, 0x0000000083800000|100%|HC|  |TAMS 0x0000000083700000| PB 0x0000000083700000| Complete 
|  56|0x0000000083800000, 0x00000000838c4ea0, 0x0000000083900000| 76%| E|CS|TAMS 0x0000000083800000| PB 0x0000000083800000| Complete 
|  57|0x0000000083900000, 0x0000000083a00000, 0x0000000083a00000|100%| E|CS|TAMS 0x0000000083900000| PB 0x0000000083900000| Complete 
|  58|0x0000000083a00000, 0x0000000083b00000, 0x0000000083b00000|100%| E|CS|TAMS 0x0000000083a00000| PB 0x0000000083a00000| Complete 
|  59|0x0000000083b00000, 0x0000000083c00000, 0x0000000083c00000|100%| E|CS|TAMS 0x0000000083b00000| PB 0x0000000083b00000| Complete 
|  60|0x0000000083c00000, 0x0000000083d00000, 0x0000000083d00000|100%| E|CS|TAMS 0x0000000083c00000| PB 0x0000000083c00000| Complete 
|  61|0x0000000083d00000, 0x0000000083e00000, 0x0000000083e00000|100%|HS|  |TAMS 0x0000000083d00000| PB 0x0000000083d00000| Complete 
|  62|0x0000000083e00000, 0x0000000083f00000, 0x0000000083f00000|100%|HS|  |TAMS 0x0000000083e00000| PB 0x0000000083e00000| Complete 
|  63|0x0000000083f00000, 0x0000000084000000, 0x0000000084000000|100%|HS|  |TAMS 0x0000000083f00000| PB 0x0000000083f00000| Complete 
|  64|0x0000000084000000, 0x0000000084100000, 0x0000000084100000|100%|HS|  |TAMS 0x0000000084000000| PB 0x0000000084000000| Complete 
|  65|0x0000000084100000, 0x0000000084200000, 0x0000000084200000|100%| E|CS|TAMS 0x0000000084100000| PB 0x0000000084100000| Complete 
|  66|0x0000000084200000, 0x0000000084300000, 0x0000000084300000|100%| E|CS|TAMS 0x0000000084200000| PB 0x0000000084200000| Complete 
|  67|0x0000000084300000, 0x0000000084400000, 0x0000000084400000|100%| E|CS|TAMS 0x0000000084300000| PB 0x0000000084300000| Complete 
|  68|0x0000000084400000, 0x0000000084500000, 0x0000000084500000|100%| E|CS|TAMS 0x0000000084400000| PB 0x0000000084400000| Complete 
|  69|0x0000000084500000, 0x0000000084600000, 0x0000000084600000|100%| E|CS|TAMS 0x0000000084500000| PB 0x0000000084500000| Complete 
|  70|0x0000000084600000, 0x0000000084700000, 0x0000000084700000|100%| E|CS|TAMS 0x0000000084600000| PB 0x0000000084600000| Complete 
|  71|0x0000000084700000, 0x0000000084800000, 0x0000000084800000|100%| E|CS|TAMS 0x0000000084700000| PB 0x0000000084700000| Complete 
|  72|0x0000000084800000, 0x0000000084900000, 0x0000000084900000|100%| E|CS|TAMS 0x0000000084800000| PB 0x0000000084800000| Complete 
|  73|0x0000000084900000, 0x0000000084a00000, 0x0000000084a00000|100%| E|CS|TAMS 0x0000000084900000| PB 0x0000000084900000| Complete 
|  74|0x0000000084a00000, 0x0000000084b00000, 0x0000000084b00000|100%| E|CS|TAMS 0x0000000084a00000| PB 0x0000000084a00000| Complete 
|  75|0x0000000084b00000, 0x0000000084c00000, 0x0000000084c00000|100%| E|CS|TAMS 0x0000000084b00000| PB 0x0000000084b00000| Complete 
|  76|0x0000000084c00000, 0x0000000084d00000, 0x0000000084d00000|100%| E|CS|TAMS 0x0000000084c00000| PB 0x0000000084c00000| Complete 
|  77|0x0000000084d00000, 0x0000000084e00000, 0x0000000084e00000|100%| E|CS|TAMS 0x0000000084d00000| PB 0x0000000084d00000| Complete 
|  78|0x0000000084e00000, 0x0000000084f00000, 0x0000000084f00000|100%| E|CS|TAMS 0x0000000084e00000| PB 0x0000000084e00000| Complete 
|  79|0x0000000084f00000, 0x0000000085000000, 0x0000000085000000|100%| E|CS|TAMS 0x0000000084f00000| PB 0x0000000084f00000| Complete 
|  80|0x0000000085000000, 0x0000000085100000, 0x0000000085100000|100%| E|CS|TAMS 0x0000000085000000| PB 0x0000000085000000| Complete 
|  81|0x0000000085100000, 0x0000000085200000, 0x0000000085200000|100%| E|CS|TAMS 0x0000000085100000| PB 0x0000000085100000| Complete 
|  82|0x0000000085200000, 0x0000000085300000, 0x0000000085300000|100%| E|CS|TAMS 0x0000000085200000| PB 0x0000000085200000| Complete 
|  83|0x0000000085300000, 0x0000000085400000, 0x0000000085400000|100%| E|CS|TAMS 0x0000000085300000| PB 0x0000000085300000| Complete 
|  84|0x0000000085400000, 0x0000000085500000, 0x0000000085500000|100%| E|CS|TAMS 0x0000000085400000| PB 0x0000000085400000| Complete 
|  85|0x0000000085500000, 0x0000000085600000, 0x0000000085600000|100%| E|CS|TAMS 0x0000000085500000| PB 0x0000000085500000| Complete 
|  86|0x0000000085600000, 0x0000000085700000, 0x0000000085700000|100%| E|CS|TAMS 0x0000000085600000| PB 0x0000000085600000| Complete 
|  87|0x0000000085700000, 0x0000000085800000, 0x0000000085800000|100%| E|CS|TAMS 0x0000000085700000| PB 0x0000000085700000| Complete 
|  88|0x0000000085800000, 0x0000000085900000, 0x0000000085900000|100%| E|CS|TAMS 0x0000000085800000| PB 0x0000000085800000| Complete 
|  89|0x0000000085900000, 0x0000000085a00000, 0x0000000085a00000|100%| E|CS|TAMS 0x0000000085900000| PB 0x0000000085900000| Complete 
|  90|0x0000000085a00000, 0x0000000085b00000, 0x0000000085b00000|100%| E|CS|TAMS 0x0000000085a00000| PB 0x0000000085a00000| Complete 
|  91|0x0000000085b00000, 0x0000000085c00000, 0x0000000085c00000|100%| E|CS|TAMS 0x0000000085b00000| PB 0x0000000085b00000| Complete 
|  92|0x0000000085c00000, 0x0000000085d00000, 0x0000000085d00000|100%| E|CS|TAMS 0x0000000085c00000| PB 0x0000000085c00000| Complete 
|  93|0x0000000085d00000, 0x0000000085e00000, 0x0000000085e00000|100%| E|CS|TAMS 0x0000000085d00000| PB 0x0000000085d00000| Complete 
|  94|0x0000000085e00000, 0x0000000085f00000, 0x0000000085f00000|100%| S|  |TAMS 0x0000000085e00000| PB 0x0000000085e00000| Complete 
|  95|0x0000000085f00000, 0x0000000086000000, 0x0000000086000000|100%| S|  |TAMS 0x0000000085f00000| PB 0x0000000085f00000| Complete 
|  96|0x0000000086000000, 0x0000000086100000, 0x0000000086100000|100%| S|  |TAMS 0x0000000086000000| PB 0x0000000086000000| Complete 
| 216|0x000000008d800000, 0x000000008d900000, 0x000000008d900000|100%| E|CS|TAMS 0x000000008d800000| PB 0x000000008d800000| Complete 
| 217|0x000000008d900000, 0x000000008da00000, 0x000000008da00000|100%| E|CS|TAMS 0x000000008d900000| PB 0x000000008d900000| Complete 
| 218|0x000000008da00000, 0x000000008db00000, 0x000000008db00000|100%| E|CS|TAMS 0x000000008da00000| PB 0x000000008da00000| Complete 
| 219|0x000000008db00000, 0x000000008dc00000, 0x000000008dc00000|100%| E|CS|TAMS 0x000000008db00000| PB 0x000000008db00000| Complete 
| 220|0x000000008dc00000, 0x000000008dd00000, 0x000000008dd00000|100%| E|CS|TAMS 0x000000008dc00000| PB 0x000000008dc00000| Complete 
| 221|0x000000008dd00000, 0x000000008de00000, 0x000000008de00000|100%| E|CS|TAMS 0x000000008dd00000| PB 0x000000008dd00000| Complete 
| 222|0x000000008de00000, 0x000000008df00000, 0x000000008df00000|100%| E|CS|TAMS 0x000000008de00000| PB 0x000000008de00000| Complete 
| 223|0x000000008df00000, 0x000000008e000000, 0x000000008e000000|100%| E|CS|TAMS 0x000000008df00000| PB 0x000000008df00000| Complete 
| 224|0x000000008e000000, 0x000000008e100000, 0x000000008e100000|100%| E|CS|TAMS 0x000000008e000000| PB 0x000000008e000000| Complete 
| 225|0x000000008e100000, 0x000000008e200000, 0x000000008e200000|100%| E|CS|TAMS 0x000000008e100000| PB 0x000000008e100000| Complete 
| 247|0x000000008f700000, 0x000000008f800000, 0x000000008f800000|100%| E|CS|TAMS 0x000000008f700000| PB 0x000000008f700000| Complete 
|2045|0x00000000ffd00000, 0x00000000ffe00000, 0x00000000ffe00000|100%| O|  |TAMS 0x00000000ffd00000| PB 0x00000000ffd00000| Untracked 
|2046|0x00000000ffe00000, 0x00000000fff00000, 0x00000000fff00000|100%| O|  |TAMS 0x00000000ffe00000| PB 0x00000000ffe00000| Untracked 
|2047|0x00000000fff00000, 0x0000000100000000, 0x0000000100000000|100%| O|  |TAMS 0x00000000fff00000| PB 0x00000000fff00000| Untracked 

Card table byte_map: [0x0000017f755b0000,0x0000017f759b0000] _byte_map_base: 0x0000017f751b0000

Marking Bits: (CMBitMap*) 0x0000017f71b737f0
 Bits: [0x0000017f759b0000, 0x0000017f779b0000)

Polling page: 0x0000017f71260000

Metaspace:

Usage:
  Non-class:     58.74 MB used.
      Class:      9.23 MB used.
       Both:     67.97 MB used.

Virtual space:
  Non-class space:       64.00 MB reserved,      59.56 MB ( 93%) committed,  1 nodes.
      Class space:        1.00 GB reserved,      10.06 MB ( <1%) committed,  1 nodes.
             Both:        1.06 GB reserved,      69.62 MB (  6%) committed. 

Chunk freelists:
   Non-Class:  3.66 MB
       Class:  5.92 MB
        Both:  9.58 MB

MaxMetaspaceSize: unlimited
CompressedClassSpaceSize: 1.00 GB
Initial GC threshold: 21.00 MB
Current GC threshold: 111.56 MB
CDS: off
 - commit_granule_bytes: 65536.
 - commit_granule_words: 8192.
 - virtual_space_node_default_size: 8388608.
 - enlarge_chunks_in_place: 1.
 - use_allocation_guard: 0.


Internal statistics:

num_allocs_failed_limit: 12.
num_arena_births: 3150.
num_arena_deaths: 0.
num_vsnodes_births: 2.
num_vsnodes_deaths: 0.
num_space_committed: 1114.
num_space_uncommitted: 0.
num_chunks_returned_to_freelist: 12.
num_chunks_taken_from_freelist: 5985.
num_chunk_merges: 12.
num_chunk_splits: 3904.
num_chunks_enlarged: 2440.
num_inconsistent_stats: 0.

CodeHeap 'non-profiled nmethods': size=120000Kb used=3800Kb max_used=4010Kb free=116199Kb
 bounds [0x0000017f07ad0000, 0x0000017f07ed0000, 0x0000017f0f000000]
CodeHeap 'profiled nmethods': size=120000Kb used=13010Kb max_used=13253Kb free=106989Kb
 bounds [0x0000017f00000000, 0x0000017f00d00000, 0x0000017f07530000]
CodeHeap 'non-nmethods': size=5760Kb used=1982Kb max_used=2048Kb free=3777Kb
 bounds [0x0000017f07530000, 0x0000017f077a0000, 0x0000017f07ad0000]
 total_blobs=7839 nmethods=7085 adapters=658
 compilation: enabled
              stopped_count=0, restarted_count=0
 full_count=0

Compilation events (20 events):
Event: 6.524 Thread 0x0000017f7a775f10 8232       3       org.gradle.internal.dispatch.ProxyDispatchAdapter$DispatchingInvocationHandler::invoke (184 bytes)
Event: 6.524 Thread 0x0000017f7a772360 8233       4       com.google.common.collect.SingletonImmutableList::get (11 bytes)
Event: 6.524 Thread 0x0000017f7a772360 nmethod 8233 0x0000017f07aff210 code [0x0000017f07aff380, 0x0000017f07aff430]
Event: 6.524 Thread 0x0000017f7a772360 8235       4       com.google.common.base.Preconditions::checkElementIndex (25 bytes)
Event: 6.524 Thread 0x0000017f7a772360 nmethod 8235 0x0000017f07cc9e90 code [0x0000017f07cca000, 0x0000017f07cca0b0]
Event: 6.524 Thread 0x0000017f7a772360 8240       4       com.google.common.cache.LocalCache$LocalManualCache::getIfPresent (9 bytes)
Event: 6.525 Thread 0x0000017f7a775f10 nmethod 8232 0x0000017f00925390 code [0x0000017f00925840, 0x0000017f00927bb0]
Event: 6.525 Thread 0x0000017f7a775f10 8237       3       org.gradle.internal.event.DefaultListenerManager$EventBroadcast::getListeners (16 bytes)
Event: 6.525 Thread 0x0000017f7a775f10 nmethod 8237 0x0000017f00033b10 code [0x0000017f00033ca0, 0x0000017f00033e20]
Event: 6.525 Thread 0x0000017f7a775f10 8238   !   3       org.gradle.internal.event.DefaultListenerManager$EventBroadcast::maybeInitialize (52 bytes)
Event: 6.525 Thread 0x0000017f7a775f10 nmethod 8238 0x0000017f00795f10 code [0x0000017f00796100, 0x0000017f00796640]
Event: 6.525 Thread 0x0000017f7a775f10 8239       3       org.gradle.internal.event.DefaultListenerManager$ExclusiveEventBroadcast::startDispatch (50 bytes)
Event: 6.526 Thread 0x0000017f7a775f10 nmethod 8239 0x0000017f00796c10 code [0x0000017f00796f00, 0x0000017f00798070]
Event: 6.526 Thread 0x0000017f7a775f10 8234       3       org.gradle.internal.dispatch.MethodInvocation::<init> (25 bytes)
Event: 6.526 Thread 0x0000017f7a775f10 nmethod 8234 0x0000017f00663010 code [0x0000017f006631c0, 0x0000017f00663430]
Event: 6.526 Thread 0x0000017f7a775f10 8236       1       org.gradle.api.internal.provider.ValueState$NonFinalizedValue::setConvention (6 bytes)
Event: 6.526 Thread 0x0000017f7a775f10 nmethod 8236 0x0000017f07cc9b90 code [0x0000017f07cc9d20, 0x0000017f07cc9e30]
Event: 6.529 Thread 0x0000017f7f14ad60 nmethod 8229 0x0000017f07e71990 code [0x0000017f07e71c60, 0x0000017f07e72e30]
Event: 6.529 Thread 0x0000017f7f14ad60 8241       4       com.google.common.cache.LocalCache$Segment::scheduleRefresh (66 bytes)
Event: 6.530 Thread 0x0000017f7f14ad60 nmethod 8241 0x0000017f07cc9790 code [0x0000017f07cc9920, 0x0000017f07cc9a10]

GC Heap History (20 events):
Event: 4.096 GC heap after
{Heap after GC invocations=11 (full 0):
 garbage-first heap   total 89088K, used 33700K [0x0000000080000000, 0x0000000100000000)
  region size 1024K, 3 young (3072K), 3 survivors (3072K)
 Metaspace       used 46568K, committed 47872K, reserved 1114112K
  class space    used 6223K, committed 6848K, reserved 1048576K
}
Event: 4.418 GC heap before
{Heap before GC invocations=11 (full 0):
 garbage-first heap   total 89088K, used 77732K [0x0000000080000000, 0x0000000100000000)
  region size 1024K, 46 young (47104K), 3 survivors (3072K)
 Metaspace       used 51015K, committed 52544K, reserved 1114112K
  class space    used 6955K, committed 7680K, reserved 1048576K
}
Event: 4.420 GC heap after
{Heap after GC invocations=12 (full 0):
 garbage-first heap   total 89088K, used 35964K [0x0000000080000000, 0x0000000100000000)
  region size 1024K, 5 young (5120K), 5 survivors (5120K)
 Metaspace       used 51015K, committed 52544K, reserved 1114112K
  class space    used 6955K, committed 7680K, reserved 1048576K
}
Event: 4.805 GC heap before
{Heap before GC invocations=12 (full 0):
 garbage-first heap   total 89088K, used 78972K [0x0000000080000000, 0x0000000100000000)
  region size 1024K, 46 young (47104K), 5 survivors (5120K)
 Metaspace       used 57386K, committed 58880K, reserved 1114112K
  class space    used 7740K, committed 8448K, reserved 1048576K
}
Event: 4.808 GC heap after
{Heap after GC invocations=13 (full 0):
 garbage-first heap   total 89088K, used 37797K [0x0000000080000000, 0x0000000100000000)
  region size 1024K, 5 young (5120K), 5 survivors (5120K)
 Metaspace       used 57386K, committed 58880K, reserved 1114112K
  class space    used 7740K, committed 8448K, reserved 1048576K
}
Event: 4.911 GC heap before
{Heap before GC invocations=13 (full 0):
 garbage-first heap   total 89088K, used 48037K [0x0000000080000000, 0x0000000100000000)
  region size 1024K, 16 young (16384K), 5 survivors (5120K)
 Metaspace       used 59193K, committed 60736K, reserved 1114112K
  class space    used 8013K, committed 8768K, reserved 1048576K
}
Event: 4.914 GC heap after
{Heap after GC invocations=14 (full 0):
 garbage-first heap   total 89088K, used 38653K [0x0000000080000000, 0x0000000100000000)
  region size 1024K, 3 young (3072K), 3 survivors (3072K)
 Metaspace       used 59193K, committed 60736K, reserved 1114112K
  class space    used 8013K, committed 8768K, reserved 1048576K
}
Event: 5.376 GC heap before
{Heap before GC invocations=15 (full 0):
 garbage-first heap   total 89088K, used 79613K [0x0000000080000000, 0x0000000100000000)
  region size 1024K, 43 young (44032K), 3 survivors (3072K)
 Metaspace       used 64417K, committed 66048K, reserved 1114112K
  class space    used 8849K, committed 9664K, reserved 1048576K
}
Event: 5.378 GC heap after
{Heap after GC invocations=16 (full 0):
 garbage-first heap   total 89088K, used 41249K [0x0000000080000000, 0x0000000100000000)
  region size 1024K, 6 young (6144K), 6 survivors (6144K)
 Metaspace       used 64417K, committed 66048K, reserved 1114112K
  class space    used 8849K, committed 9664K, reserved 1048576K
}
Event: 5.684 GC heap before
{Heap before GC invocations=16 (full 0):
 garbage-first heap   total 89088K, used 75041K [0x0000000080000000, 0x0000000100000000)
  region size 1024K, 40 young (40960K), 6 survivors (6144K)
 Metaspace       used 65904K, committed 67584K, reserved 1114112K
  class space    used 9037K, committed 9856K, reserved 1048576K
}
Event: 5.689 GC heap after
{Heap after GC invocations=17 (full 0):
 garbage-first heap   total 89088K, used 46187K [0x0000000080000000, 0x0000000100000000)
  region size 1024K, 5 young (5120K), 5 survivors (5120K)
 Metaspace       used 65904K, committed 67584K, reserved 1114112K
  class space    used 9037K, committed 9856K, reserved 1048576K
}
Event: 5.802 GC heap before
{Heap before GC invocations=17 (full 0):
 garbage-first heap   total 89088K, used 76907K [0x0000000080000000, 0x0000000100000000)
  region size 1024K, 36 young (36864K), 5 survivors (5120K)
 Metaspace       used 66290K, committed 67904K, reserved 1114112K
  class space    used 9065K, committed 9856K, reserved 1048576K
}
Event: 5.805 GC heap after
{Heap after GC invocations=18 (full 0):
 garbage-first heap   total 107520K, used 48167K [0x0000000080000000, 0x0000000100000000)
  region size 1024K, 4 young (4096K), 4 survivors (4096K)
 Metaspace       used 66290K, committed 67904K, reserved 1114112K
  class space    used 9065K, committed 9856K, reserved 1048576K
}
Event: 5.898 GC heap before
{Heap before GC invocations=19 (full 0):
 garbage-first heap   total 107520K, used 92199K [0x0000000080000000, 0x0000000100000000)
  region size 1024K, 48 young (49152K), 4 survivors (4096K)
 Metaspace       used 66502K, committed 68160K, reserved 1114112K
  class space    used 9065K, committed 9856K, reserved 1048576K
}
Event: 5.900 GC heap after
{Heap after GC invocations=20 (full 0):
 garbage-first heap   total 107520K, used 49038K [0x0000000080000000, 0x0000000100000000)
  region size 1024K, 5 young (5120K), 5 survivors (5120K)
 Metaspace       used 66502K, committed 68160K, reserved 1114112K
  class space    used 9065K, committed 9856K, reserved 1048576K
}
Event: 5.977 GC heap before
{Heap before GC invocations=20 (full 0):
 garbage-first heap   total 107520K, used 93070K [0x0000000080000000, 0x0000000100000000)
  region size 1024K, 49 young (50176K), 5 survivors (5120K)
 Metaspace       used 66602K, committed 68224K, reserved 1114112K
  class space    used 9065K, committed 9856K, reserved 1048576K
}
Event: 5.979 GC heap after
{Heap after GC invocations=21 (full 0):
 garbage-first heap   total 107520K, used 48612K [0x0000000080000000, 0x0000000100000000)
  region size 1024K, 5 young (5120K), 5 survivors (5120K)
 Metaspace       used 66602K, committed 68224K, reserved 1114112K
  class space    used 9065K, committed 9856K, reserved 1048576K
}
Event: 6.098 GC heap before
{Heap before GC invocations=21 (full 0):
 garbage-first heap   total 107520K, used 91620K [0x0000000080000000, 0x0000000100000000)
  region size 1024K, 49 young (50176K), 5 survivors (5120K)
 Metaspace       used 66904K, committed 68544K, reserved 1114112K
  class space    used 9103K, committed 9920K, reserved 1048576K
}
Event: 6.101 GC heap after
{Heap after GC invocations=22 (full 0):
 garbage-first heap   total 107520K, used 50140K [0x0000000080000000, 0x0000000100000000)
  region size 1024K, 5 young (5120K), 5 survivors (5120K)
 Metaspace       used 66904K, committed 68544K, reserved 1114112K
  class space    used 9103K, committed 9920K, reserved 1048576K
}
Event: 6.530 GC heap before
{Heap before GC invocations=23 (full 0):
 garbage-first heap   total 107520K, used 105436K [0x0000000080000000, 0x0000000100000000)
  region size 1024K, 45 young (46080K), 5 survivors (5120K)
 Metaspace       used 69602K, committed 71296K, reserved 1114112K
  class space    used 9452K, committed 10304K, reserved 1048576K
}

Dll operation events (3 events):
Event: 0.006 Loaded shared library E:\Environment\Android Studio\jbr\bin\java.dll
Event: 0.010 Loaded shared library E:\Environment\Android Studio\jbr\bin\zip.dll
Event: 0.348 Loaded shared library E:\Environment\Android Studio\jbr\bin\verify.dll

Deoptimization events (20 events):
Event: 6.440 Thread 0x0000017f5085f9f0 Uncommon trap: trap_request=0xffffffbe fr.pc=0x0000017f07d196f0 relative=0x0000000000000290
Event: 6.440 Thread 0x0000017f5085f9f0 Uncommon trap: reason=profile_predicate action=maybe_recompile pc=0x0000017f07d196f0 method=sun.instrument.TransformerManager.transform(Ljava/lang/Module;Ljava/lang/ClassLoader;Ljava/lang/String;Ljava/lang/Class;Ljava/security/ProtectionDomain;[B)[B @ 21 
Event: 6.440 Thread 0x0000017f5085f9f0 DEOPT PACKING pc=0x0000017f07d196f0 sp=0x00000001028f4b30
Event: 6.440 Thread 0x0000017f5085f9f0 DEOPT UNPACKING pc=0x0000017f075846a2 sp=0x00000001028f4ae8 mode 2
Event: 6.442 Thread 0x0000017f5085f9f0 Uncommon trap: trap_request=0xffffff45 fr.pc=0x0000017f07d5ab58 relative=0x0000000000004f98
Event: 6.442 Thread 0x0000017f5085f9f0 Uncommon trap: reason=unstable_if action=reinterpret pc=0x0000017f07d5ab58 method=java.lang.invoke.InvokerBytecodeGenerator.addMethod()V @ 81 c2
Event: 6.442 Thread 0x0000017f5085f9f0 DEOPT PACKING pc=0x0000017f07d5ab58 sp=0x00000001028f6bd0
Event: 6.442 Thread 0x0000017f5085f9f0 DEOPT UNPACKING pc=0x0000017f075846a2 sp=0x00000001028f6bc0 mode 2
Event: 6.486 Thread 0x0000017f5085f9f0 Uncommon trap: trap_request=0xffffffc6 fr.pc=0x0000017f07b79fe0 relative=0x00000000000003e0
Event: 6.486 Thread 0x0000017f5085f9f0 Uncommon trap: reason=bimorphic_or_optimized_type_check action=maybe_recompile pc=0x0000017f07b79fe0 method=com.google.common.cache.LocalCache$Segment.getEntry(Ljava/lang/Object;I)Lcom/google/common/cache/ReferenceEntry; @ 24 c2
Event: 6.486 Thread 0x0000017f5085f9f0 DEOPT PACKING pc=0x0000017f07b79fe0 sp=0x00000001028f6b40
Event: 6.486 Thread 0x0000017f5085f9f0 DEOPT UNPACKING pc=0x0000017f075846a2 sp=0x00000001028f6ad8 mode 2
Event: 6.486 Thread 0x0000017f5085f9f0 Uncommon trap: trap_request=0xffffffc6 fr.pc=0x0000017f07b79fe0 relative=0x00000000000003e0
Event: 6.486 Thread 0x0000017f5085f9f0 Uncommon trap: reason=bimorphic_or_optimized_type_check action=maybe_recompile pc=0x0000017f07b79fe0 method=com.google.common.cache.LocalCache$Segment.getEntry(Ljava/lang/Object;I)Lcom/google/common/cache/ReferenceEntry; @ 24 c2
Event: 6.486 Thread 0x0000017f5085f9f0 DEOPT PACKING pc=0x0000017f07b79fe0 sp=0x00000001028f6b40
Event: 6.486 Thread 0x0000017f5085f9f0 DEOPT UNPACKING pc=0x0000017f075846a2 sp=0x00000001028f6ad8 mode 2
Event: 6.487 Thread 0x0000017f5085f9f0 Uncommon trap: trap_request=0xffffffc6 fr.pc=0x0000017f07b79fe0 relative=0x00000000000003e0
Event: 6.487 Thread 0x0000017f5085f9f0 Uncommon trap: reason=bimorphic_or_optimized_type_check action=maybe_recompile pc=0x0000017f07b79fe0 method=com.google.common.cache.LocalCache$Segment.getEntry(Ljava/lang/Object;I)Lcom/google/common/cache/ReferenceEntry; @ 24 c2
Event: 6.487 Thread 0x0000017f5085f9f0 DEOPT PACKING pc=0x0000017f07b79fe0 sp=0x00000001028f6b40
Event: 6.487 Thread 0x0000017f5085f9f0 DEOPT UNPACKING pc=0x0000017f075846a2 sp=0x00000001028f6ad8 mode 2

Classes loaded (20 events):
Event: 5.309 Loading class sun/reflect/ReflectionFactory$1
Event: 5.309 Loading class sun/reflect/ReflectionFactory$1 done
Event: 5.514 Loading class java/util/Collections$ReverseComparator
Event: 5.514 Loading class java/util/Collections$ReverseComparator done
Event: 5.514 Loading class java/util/Collections$ReverseComparator2
Event: 5.514 Loading class java/util/Collections$ReverseComparator2 done
Event: 6.056 Loading class java/util/stream/SortedOps$RefSortingSink
Event: 6.056 Loading class java/util/stream/SortedOps$RefSortingSink done
Event: 6.060 Loading class java/time/Ser
Event: 6.060 Loading class java/time/Ser done
Event: 6.164 Loading class java/lang/ProcessBuilder
Event: 6.164 Loading class java/lang/ProcessBuilder done
Event: 6.297 Loading class java/lang/ThreadDeath
Event: 6.297 Loading class java/lang/ThreadDeath done
Event: 6.298 Loading class sun/misc/SharedSecrets
Event: 6.298 Loading class sun/misc/SharedSecrets done
Event: 6.299 Loading class sun/invoke/util/ValueConversions$1
Event: 6.299 Loading class sun/invoke/util/ValueConversions$1 done
Event: 6.300 Loading class java/lang/invoke/BoundMethodHandle$Species_LI
Event: 6.300 Loading class java/lang/invoke/BoundMethodHandle$Species_LI done

Classes unloaded (0 events):
No events

Classes redefined (0 events):
No events

Internal exceptions (20 events):
Event: 5.797 Thread 0x0000017f5085f9f0 Exception <a 'java/lang/NoSuchMethodError'{0x00000000839acbe8}: 'java.lang.Object java.lang.invoke.DirectMethodHandle$Holder.invokeSpecialIFC(java.lang.Object, java.lang.Object, java.lang.Object)'> (0x00000000839acbe8) 
thrown [s\src\hotspot\share\interpreter\linkResolver.cpp, line 784]
Event: 6.053 Thread 0x0000017f5085f9f0 Exception <a 'java/lang/NoSuchMethodError'{0x00000000843f4180}: 'void java.lang.invoke.DirectMethodHandle$Holder.invokeInterface(java.lang.Object, java.lang.Object, java.lang.Object, java.lang.Object)'> (0x00000000843f4180) 
thrown [s\src\hotspot\share\interpreter\linkResolver.cpp, line 784]
Event: 6.055 Thread 0x0000017f5085f9f0 Exception <a 'java/lang/NoSuchMethodError'{0x0000000084217d20}: 'long java.lang.invoke.DirectMethodHandle$Holder.invokeVirtual(java.lang.Object, java.lang.Object)'> (0x0000000084217d20) 
thrown [s\src\hotspot\share\interpreter\linkResolver.cpp, line 784]
Event: 6.057 Thread 0x0000017f5085d290 Exception <a 'java/lang/NoSuchMethodError'{0x0000000084242768}: static Lorg/gradle/internal/build/event/types/DefaultOperationFinishedProgressEvent;.<clinit>()V> (0x0000000084242768) 
thrown [s\src\hotspot\share\prims\jni.cpp, line 1135]
Event: 6.058 Thread 0x0000017f5085d290 Exception <a 'java/lang/NoSuchMethodError'{0x00000000842a6878}: static Lorg/gradle/internal/build/event/types/DefaultProjectConfigurationSuccessResult;.<clinit>()V> (0x00000000842a6878) 
thrown [s\src\hotspot\share\prims\jni.cpp, line 1135]
Event: 6.058 Thread 0x0000017f5085d290 Exception <a 'java/lang/NoSuchMethodError'{0x00000000842a7e30}: static Lorg/gradle/internal/build/event/types/AbstractProjectConfigurationResult;.<clinit>()V> (0x00000000842a7e30) 
thrown [s\src\hotspot\share\prims\jni.cpp, line 1135]
Event: 6.058 Thread 0x0000017f5085d290 Exception <a 'java/lang/NoSuchMethodError'{0x00000000842a9688}: static Lorg/gradle/internal/build/event/types/AbstractOperationResult;.<clinit>()V> (0x00000000842a9688) 
thrown [s\src\hotspot\share\prims\jni.cpp, line 1135]
Event: 6.058 Thread 0x0000017f5085d290 Exception <a 'java/lang/NoSuchMethodError'{0x00000000842aaab0}: static Lorg/gradle/internal/build/event/types/AbstractResult;.<clinit>()V> (0x00000000842aaab0) 
thrown [s\src\hotspot\share\prims\jni.cpp, line 1135]
Event: 6.059 Thread 0x0000017f5085d290 Exception <a 'java/lang/NoSuchMethodError'{0x00000000842c47d0}: static Lorg/gradle/internal/build/event/types/DefaultPluginApplicationResult;.<clinit>()V> (0x00000000842c47d0) 
thrown [s\src\hotspot\share\prims\jni.cpp, line 1135]
Event: 6.060 Thread 0x0000017f5085d290 Exception <a 'java/lang/NoSuchMethodError'{0x00000000842d15f0}: static Lorg/gradle/internal/build/event/types/DefaultBinaryPluginIdentifier;.<clinit>()V> (0x00000000842d15f0) 
thrown [s\src\hotspot\share\prims\jni.cpp, line 1135]
Event: 6.061 Thread 0x0000017f5085d290 Exception <a 'java/lang/NoSuchMethodError'{0x00000000842ebcf8}: static Lorg/gradle/internal/build/event/types/DefaultScriptPluginIdentifier;.<clinit>()V> (0x00000000842ebcf8) 
thrown [s\src\hotspot\share\prims\jni.cpp, line 1135]
Event: 6.091 Thread 0x0000017f5085f9f0 Implicit null exception at 0x0000017f07e216dd to 0x0000017f07e21bc4
Event: 6.159 Thread 0x0000017f5085f9f0 Exception <a 'java/lang/NoSuchMethodError'{0x000000008e068000}: 'void java.lang.invoke.Invokers$Holder.invoke_MT(java.lang.Object, java.lang.Object, java.lang.Object, java.lang.Object)'> (0x000000008e068000) 
thrown [s\src\hotspot\share\interpreter\linkResolver.cpp, line 784]
Event: 6.165 Thread 0x0000017f5085f9f0 Exception <a 'java/lang/NoSuchMethodError'{0x000000008e0e05c0}: 'java.lang.Object java.lang.invoke.DirectMethodHandle$Holder.invokeSpecial(java.lang.Object, java.lang.Object, java.lang.Object, int, java.lang.Object, java.lang.Object)'> (0x000000008e0e05c0) 
thrown [s\src\hotspot\share\interpreter\linkResolver.cpp, line 784]
Event: 6.298 Thread 0x0000017f5085f9f0 Exception <a 'java/lang/ClassNotFoundException'{0x0000000085dfed58}: sun/misc/SharedSecrets> (0x0000000085dfed58) 
thrown [s\src\hotspot\share\classfile\systemDictionary.cpp, line 312]
Event: 6.298 Thread 0x0000017f5085f9f0 Exception <a 'java/lang/ClassNotFoundException'{0x0000000085c00858}: org/gradle/api/internal/plugins/DefaultObjectConfigurationActionBeanInfo> (0x0000000085c00858) 
thrown [s\src\hotspot\share\classfile\systemDictionary.cpp, line 312]
Event: 6.298 Thread 0x0000017f5085f9f0 Exception <a 'java/lang/ClassNotFoundException'{0x0000000085c141a0}: org/gradle/api/internal/plugins/DefaultObjectConfigurationActionCustomizer> (0x0000000085c141a0) 
thrown [s\src\hotspot\share\classfile\systemDictionary.cpp, line 312]
Event: 6.299 Thread 0x0000017f5085f9f0 Implicit null exception at 0x0000017f07c0d272 to 0x0000017f07c0d4f0
Event: 6.299 Thread 0x0000017f5085f9f0 Exception <a 'java/lang/NoSuchMethodError'{0x0000000085c217d8}: 'int java.lang.invoke.DirectMethodHandle$Holder.invokeSpecial(java.lang.Object, java.lang.Object, java.lang.Object, int)'> (0x0000000085c217d8) 
thrown [s\src\hotspot\share\interpreter\linkResolver.cpp, line 784]
Event: 6.300 Thread 0x0000017f5085f9f0 Exception <a 'java/lang/NoSuchMethodError'{0x0000000085c32ae0}: 'java.lang.Object java.lang.invoke.DirectMethodHandle$Holder.invokeStatic(java.lang.Object, java.lang.Object, java.lang.Object, java.lang.Object, int)'> (0x0000000085c32ae0) 
thrown [s\src\hotspot\share\interpreter\linkResolver.cpp, line 784]

ZGC Phase Switch (0 events):
No events

VM Operations (20 events):
Event: 5.805 Executing VM operation: G1CollectForAllocation (G1 Evacuation Pause) done
Event: 5.827 Executing VM operation: G1PauseRemark
Event: 5.829 Executing VM operation: G1PauseRemark done
Event: 5.840 Executing VM operation: G1PauseCleanup
Event: 5.840 Executing VM operation: G1PauseCleanup done
Event: 5.898 Executing VM operation: G1CollectForAllocation (G1 Evacuation Pause)
Event: 5.900 Executing VM operation: G1CollectForAllocation (G1 Evacuation Pause) done
Event: 5.976 Executing VM operation: G1CollectForAllocation (G1 Evacuation Pause)
Event: 5.980 Executing VM operation: G1CollectForAllocation (G1 Evacuation Pause) done
Event: 6.085 Executing VM operation: ICBufferFull
Event: 6.085 Executing VM operation: ICBufferFull done
Event: 6.098 Executing VM operation: G1TryInitiateConcMark (G1 Humongous Allocation)
Event: 6.101 Executing VM operation: G1TryInitiateConcMark (G1 Humongous Allocation) done
Event: 6.117 Executing VM operation: G1PauseRemark
Event: 6.119 Executing VM operation: G1PauseRemark done
Event: 6.126 Executing VM operation: G1PauseCleanup
Event: 6.127 Executing VM operation: G1PauseCleanup done
Event: 6.190 Executing VM operation: HandshakeAllThreads (Deoptimize)
Event: 6.190 Executing VM operation: HandshakeAllThreads (Deoptimize) done
Event: 6.530 Executing VM operation: G1CollectForAllocation (G1 Evacuation Pause)

Memory protections (0 events):
No events

Nmethod flushes (20 events):
Event: 6.118 Thread 0x0000017f7a624be0 flushing  nmethod 0x0000017f07c6ef10
Event: 6.118 Thread 0x0000017f7a624be0 flushing  nmethod 0x0000017f0000e890
Event: 6.118 Thread 0x0000017f7a624be0 flushing  nmethod 0x0000017f0011c990
Event: 6.118 Thread 0x0000017f7a624be0 flushing  nmethod 0x0000017f001bf710
Event: 6.118 Thread 0x0000017f7a624be0 flushing  nmethod 0x0000017f0030a810
Event: 6.118 Thread 0x0000017f7a624be0 flushing  nmethod 0x0000017f0039da10
Event: 6.118 Thread 0x0000017f7a624be0 flushing  nmethod 0x0000017f0039df90
Event: 6.118 Thread 0x0000017f7a624be0 flushing  nmethod 0x0000017f003a3390
Event: 6.118 Thread 0x0000017f7a624be0 flushing  nmethod 0x0000017f00402710
Event: 6.118 Thread 0x0000017f7a624be0 flushing  nmethod 0x0000017f00404d10
Event: 6.118 Thread 0x0000017f7a624be0 flushing  nmethod 0x0000017f004c3090
Event: 6.118 Thread 0x0000017f7a624be0 flushing  nmethod 0x0000017f0053ea10
Event: 6.118 Thread 0x0000017f7a624be0 flushing  nmethod 0x0000017f0065cf10
Event: 6.118 Thread 0x0000017f7a624be0 flushing  nmethod 0x0000017f00663010
Event: 6.118 Thread 0x0000017f7a624be0 flushing  nmethod 0x0000017f0074b190
Event: 6.118 Thread 0x0000017f7a624be0 flushing  nmethod 0x0000017f0084cc10
Event: 6.118 Thread 0x0000017f7a624be0 flushing  nmethod 0x0000017f0084ec10
Event: 6.118 Thread 0x0000017f7a624be0 flushing  nmethod 0x0000017f0093ec90
Event: 6.118 Thread 0x0000017f7a624be0 flushing  nmethod 0x0000017f00a3d590
Event: 6.118 Thread 0x0000017f7a624be0 flushing  nmethod 0x0000017f00a7d890

Events (20 events):
Event: 5.633 Thread 0x0000017f5085f9f0 Thread added: 0x0000017f511a79a0
Event: 5.634 Thread 0x0000017f5085f9f0 Thread added: 0x0000017f511a5240
Event: 5.636 Thread 0x0000017f5085f9f0 Thread added: 0x0000017f511a58d0
Event: 5.638 Thread 0x0000017f5085f9f0 Thread added: 0x0000017f511a7310
Event: 5.640 Thread 0x0000017f5085f9f0 Thread added: 0x0000017f511a4520
Event: 5.641 Thread 0x0000017f5085f9f0 Thread added: 0x0000017f511a8030
Event: 5.643 Thread 0x0000017f5085f9f0 Thread added: 0x0000017f511a4bb0
Event: 5.647 Thread 0x0000017f5085f9f0 Thread added: 0x0000017f511a86c0
Event: 5.797 Thread 0x0000017f5085f9f0 Thread added: 0x0000017f511a8d50
Event: 5.798 Thread 0x0000017f5085f9f0 Thread added: 0x0000017f511a9a70
Event: 5.798 Thread 0x0000017f5085f9f0 Thread added: 0x0000017f511a93e0
Event: 5.799 Thread 0x0000017f5085f9f0 Thread added: 0x0000017f511aa100
Event: 5.799 Thread 0x0000017f5085f9f0 Thread added: 0x0000017f5477f730
Event: 5.799 Thread 0x0000017f5085f9f0 Thread added: 0x0000017f54781800
Event: 5.799 Thread 0x0000017f5085f9f0 Thread added: 0x0000017f54780450
Event: 5.799 Thread 0x0000017f5085f9f0 Thread added: 0x0000017f54780ae0
Event: 5.800 Thread 0x0000017f5085f9f0 Thread added: 0x0000017f5477ea10
Event: 5.800 Thread 0x0000017f5085f9f0 Thread added: 0x0000017f5477fdc0
Event: 5.800 Thread 0x0000017f5085f9f0 Thread added: 0x0000017f5477e380
Event: 6.431 Thread 0x0000017f7f45c790 Thread exited: 0x0000017f7f45c790


Dynamic libraries:
0x00007ff7bc560000 - 0x00007ff7bc56a000 	E:\Environment\Android Studio\jbr\bin\java.exe
0x00007ffa7bc40000 - 0x00007ffa7bea3000 	C:\WINDOWS\SYSTEM32\ntdll.dll
0x00007ffa7b440000 - 0x00007ffa7b507000 	C:\WINDOWS\System32\KERNEL32.DLL
0x00007ffa794c0000 - 0x00007ffa79887000 	C:\WINDOWS\System32\KERNELBASE.dll
0x00007ffa79930000 - 0x00007ffa79a7c000 	C:\WINDOWS\System32\ucrtbase.dll
0x00007ffa73e70000 - 0x00007ffa73e8b000 	E:\Environment\Android Studio\jbr\bin\VCRUNTIME140.dll
0x00007ffa63790000 - 0x00007ffa637a8000 	E:\Environment\Android Studio\jbr\bin\jli.dll
0x00007ffa7b0a0000 - 0x00007ffa7b269000 	C:\WINDOWS\System32\USER32.dll
0x00007ffa65320000 - 0x00007ffa655b0000 	C:\WINDOWS\WinSxS\amd64_microsoft.windows.common-controls_6595b64144ccf1df_6.0.26100.3037_none_3e09262ce333c378\COMCTL32.dll
0x00007ffa791f0000 - 0x00007ffa79217000 	C:\WINDOWS\System32\win32u.dll
0x00007ffa7b710000 - 0x00007ffa7b73a000 	C:\WINDOWS\System32\GDI32.dll
0x00007ffa7b390000 - 0x00007ffa7b439000 	C:\WINDOWS\System32\msvcrt.dll
0x00007ffa792e0000 - 0x00007ffa7940b000 	C:\WINDOWS\System32\gdi32full.dll
0x00007ffa79410000 - 0x00007ffa794b3000 	C:\WINDOWS\System32\msvcp_win.dll
0x00007ffa7a970000 - 0x00007ffa7a99f000 	C:\WINDOWS\System32\IMM32.DLL
0x00007ffa75bc0000 - 0x00007ffa75bcc000 	E:\Environment\Android Studio\jbr\bin\vcruntime140_1.dll
0x00007ffa4fbe0000 - 0x00007ffa4fc6d000 	E:\Environment\Android Studio\jbr\bin\msvcp140.dll
0x00007ff9b58c0000 - 0x00007ff9b6543000 	E:\Environment\Android Studio\jbr\bin\server\jvm.dll
0x00007ffa7bab0000 - 0x00007ffa7bb64000 	C:\WINDOWS\System32\ADVAPI32.dll
0x00007ffa7b820000 - 0x00007ffa7b8c6000 	C:\WINDOWS\System32\sechost.dll
0x00007ffa7a3e0000 - 0x00007ffa7a4f6000 	C:\WINDOWS\System32\RPCRT4.dll
0x00007ffa7ba20000 - 0x00007ffa7ba94000 	C:\WINDOWS\System32\WS2_32.dll
0x00007ffa78e70000 - 0x00007ffa78ebe000 	C:\WINDOWS\SYSTEM32\POWRPROF.dll
0x00007ffa6fda0000 - 0x00007ffa6fdd6000 	C:\WINDOWS\SYSTEM32\WINMM.dll
0x00007ffa6fde0000 - 0x00007ffa6fdeb000 	C:\WINDOWS\SYSTEM32\VERSION.dll
0x00007ffa78e50000 - 0x00007ffa78e64000 	C:\WINDOWS\SYSTEM32\UMPDC.dll
0x00007ffa77e10000 - 0x00007ffa77e2a000 	C:\WINDOWS\SYSTEM32\kernel.appcore.dll
0x00007ffa70ef0000 - 0x00007ffa70efa000 	E:\Environment\Android Studio\jbr\bin\jimage.dll
0x00007ffa767a0000 - 0x00007ffa769e1000 	C:\WINDOWS\SYSTEM32\DBGHELP.DLL
0x00007ffa7a580000 - 0x00007ffa7a8fe000 	C:\WINDOWS\System32\combase.dll
0x00007ffa7b740000 - 0x00007ffa7b816000 	C:\WINDOWS\System32\OLEAUT32.dll
0x00007ffa17b00000 - 0x00007ffa17b39000 	C:\WINDOWS\SYSTEM32\dbgcore.DLL
0x00007ffa79890000 - 0x00007ffa79929000 	C:\WINDOWS\System32\bcryptPrimitives.dll
0x00007ffa630e0000 - 0x00007ffa630ee000 	E:\Environment\Android Studio\jbr\bin\instrument.dll
0x00007ffa6ba50000 - 0x00007ffa6ba70000 	E:\Environment\Android Studio\jbr\bin\java.dll
0x00007ffa5de80000 - 0x00007ffa5de98000 	E:\Environment\Android Studio\jbr\bin\zip.dll
0x00007ffa79b30000 - 0x00007ffa7a234000 	C:\WINDOWS\System32\SHELL32.dll
0x00007ffa76cb0000 - 0x00007ffa774e7000 	C:\WINDOWS\SYSTEM32\windows.storage.dll
0x00007ffa7b930000 - 0x00007ffa7ba19000 	C:\WINDOWS\System32\SHCORE.dll
0x00007ffa7b520000 - 0x00007ffa7b57d000 	C:\WINDOWS\System32\shlwapi.dll
0x00007ffa78ef0000 - 0x00007ffa78f1e000 	C:\WINDOWS\SYSTEM32\profapi.dll
0x00007ffa6b4d0000 - 0x00007ffa6b4e0000 	E:\Environment\Android Studio\jbr\bin\net.dll
0x00007ffa71c70000 - 0x00007ffa71d8e000 	C:\WINDOWS\SYSTEM32\WINHTTP.dll
0x00007ffa78320000 - 0x00007ffa78388000 	C:\WINDOWS\system32\mswsock.dll
0x00007ffa5d600000 - 0x00007ffa5d616000 	E:\Environment\Android Studio\jbr\bin\nio.dll
0x00007ffa5de00000 - 0x00007ffa5de10000 	E:\Environment\Android Studio\jbr\bin\verify.dll
0x00007ffa5a1c0000 - 0x00007ffa5a1e7000 	C:\Users\dhruv\.gradle\native\c067742578af261105cb4f569cf0c3c89f3d7b1fecec35dd04571415982c5e48\windows-amd64\native-platform.dll
0x00007ffa2d7c0000 - 0x00007ffa2d904000 	C:\Users\dhruv\.gradle\native\100fb08df4bc3b14c8652ba06237920a3bd2aa13389f12d3474272988ae205f9\windows-amd64\native-platform-file-events.dll
0x00007ffa63050000 - 0x00007ffa63059000 	E:\Environment\Android Studio\jbr\bin\management.dll
0x00007ffa61d60000 - 0x00007ffa61d6b000 	E:\Environment\Android Studio\jbr\bin\management_ext.dll
0x00007ffa7ac00000 - 0x00007ffa7ac08000 	C:\WINDOWS\System32\PSAPI.DLL
0x00007ffa785c0000 - 0x00007ffa785dc000 	C:\WINDOWS\SYSTEM32\CRYPTSP.dll
0x00007ffa77d70000 - 0x00007ffa77da8000 	C:\WINDOWS\system32\rsaenh.dll
0x00007ffa783c0000 - 0x00007ffa783eb000 	C:\WINDOWS\SYSTEM32\USERENV.dll
0x00007ffa78800000 - 0x00007ffa78826000 	C:\WINDOWS\SYSTEM32\bcrypt.dll
0x00007ffa785e0000 - 0x00007ffa785ec000 	C:\WINDOWS\SYSTEM32\CRYPTBASE.dll
0x00007ffa778c0000 - 0x00007ffa778f2000 	C:\WINDOWS\SYSTEM32\IPHLPAPI.DLL
0x00007ffa7b510000 - 0x00007ffa7b51a000 	C:\WINDOWS\System32\NSI.dll
0x00007ffa64830000 - 0x00007ffa64839000 	E:\Environment\Android Studio\jbr\bin\extnet.dll
0x00007ffa0c760000 - 0x00007ffa0c768000 	C:\WINDOWS\system32\wshunix.dll

dbghelp: loaded successfully - version: 4.0.5 - missing functions: none
symbol engine: initialized successfully - sym options: 0x614 - pdb path: .;E:\Environment\Android Studio\jbr\bin;C:\WINDOWS\SYSTEM32;C:\WINDOWS\WinSxS\amd64_microsoft.windows.common-controls_6595b64144ccf1df_6.0.26100.3037_none_3e09262ce333c378;E:\Environment\Android Studio\jbr\bin\server;C:\Users\dhruv\.gradle\native\c067742578af261105cb4f569cf0c3c89f3d7b1fecec35dd04571415982c5e48\windows-amd64;C:\Users\dhruv\.gradle\native\100fb08df4bc3b14c8652ba06237920a3bd2aa13389f12d3474272988ae205f9\windows-amd64

VM Arguments:
jvm_args: --add-opens=java.base/java.util=ALL-UNNAMED --add-opens=java.base/java.lang=ALL-UNNAMED --add-opens=java.base/java.lang.invoke=ALL-UNNAMED --add-opens=java.prefs/java.util.prefs=ALL-UNNAMED --add-exports=jdk.compiler/com.sun.tools.javac.api=ALL-UNNAMED --add-exports=jdk.compiler/com.sun.tools.javac.util=ALL-UNNAMED --add-opens=java.base/java.nio.charset=ALL-UNNAMED --add-opens=java.base/java.net=ALL-UNNAMED --add-opens=java.base/java.util.concurrent.atomic=ALL-UNNAMED -Xmx2048m -Dfile.encoding=UTF-8 -Duser.country=IN -Duser.language=en -Duser.variant -javaagent:C:\Users\dhruv\.gradle\wrapper\dists\gradle-8.10.2-bin\a04bxjujx95o3nb99gddekhwo\gradle-8.10.2\lib\agents\gradle-instrumentation-agent-8.10.2.jar 
java_command: org.gradle.launcher.daemon.bootstrap.GradleDaemon 8.10.2
java_class_path (initial): C:\Users\dhruv\.gradle\wrapper\dists\gradle-8.10.2-bin\a04bxjujx95o3nb99gddekhwo\gradle-8.10.2\lib\gradle-daemon-main-8.10.2.jar
Launcher Type: SUN_STANDARD

[Global flags]
     intx CICompilerCount                          = 4                                         {product} {ergonomic}
     uint ConcGCThreads                            = 3                                         {product} {ergonomic}
     uint G1ConcRefinementThreads                  = 10                                        {product} {ergonomic}
   size_t G1HeapRegionSize                         = 1048576                                   {product} {ergonomic}
    uintx GCDrainStackTargetSize                   = 64                                        {product} {ergonomic}
   size_t InitialHeapSize                          = 260046848                                 {product} {ergonomic}
   size_t MarkStackSize                            = 4194304                                   {product} {ergonomic}
   size_t MaxHeapSize                              = 2147483648                                {product} {command line}
   size_t MaxNewSize                               = 1287651328                                {product} {ergonomic}
   size_t MinHeapDeltaBytes                        = 1048576                                   {product} {ergonomic}
   size_t MinHeapSize                              = 8388608                                   {product} {ergonomic}
    uintx NonNMethodCodeHeapSize                   = 5839372                                {pd product} {ergonomic}
    uintx NonProfiledCodeHeapSize                  = 122909434                              {pd product} {ergonomic}
    uintx ProfiledCodeHeapSize                     = 122909434                              {pd product} {ergonomic}
    uintx ReservedCodeCacheSize                    = 251658240                              {pd product} {ergonomic}
     bool SegmentedCodeCache                       = true                                      {product} {ergonomic}
   size_t SoftMaxHeapSize                          = 2147483648                             {manageable} {ergonomic}
     bool UseCompressedOops                        = true                           {product lp64_product} {ergonomic}
     bool UseG1GC                                  = true                                      {product} {ergonomic}
     bool UseLargePagesIndividualAllocation        = false                                  {pd product} {ergonomic}

Logging:
Log output configuration:
 #0: stdout all=warning uptime,level,tags foldmultilines=false
 #1: stderr all=off uptime,level,tags foldmultilines=false

Environment Variables:
PATH=C:\Program Files (x86)\Common Files\Oracle\Java\javapath;D:\ORACAL\app\oracle\product\10.2.0\server\bin;C:\Windows\system32;C:\Windows;C:\Windows\System32\Wbem;C:\Windows\System32\WindowsPowerShell\v1.0\;C:\Windows\System32\OpenSSH\;C:\Program Files (x86)\NVIDIA Corporation\PhysX\Common;C:\Program Files\NVIDIA Corporation\NVIDIA NvDLISR;C:\WINDOWS\system32;C:\WINDOWS;C:\WINDOWS\System32\Wbem;C:\WINDOWS\System32\WindowsPowerShell\v1.0\;C:\WINDOWS\System32\OpenSSH\;C:\Program Files\Git\cmd;C:\Program Files\Git\mingw64\bin;C:\Program Files\Git\usr\bin;C:\Users\dhruv\AppData\Local\Microsoft\WindowsApps;C:\Users\dhruv\AppData\Local\Programs\Microsoft VS Code\bin;C:\Program Files\Java\jdk-1.8\bin;D:\platform-tools;
USERNAME=dhruv
OS=Windows_NT
PROCESSOR_IDENTIFIER=AMD64 Family 25 Model 80 Stepping 0, AuthenticAMD
TMP=C:\Users\dhruv\AppData\Local\Temp
TEMP=C:\Users\dhruv\AppData\Local\Temp




Periodic native trim disabled

JNI global refs:
JNI global refs: 28, weak refs: 0

JNI global refs memory usage: 835, weak refs: 833

Process memory usage:
Resident Set Size: 353052K (2% of 16151900K total physical memory with 3933108K free physical memory)

OOME stack traces (most recent first):
Classloader memory used:
Loader org.gradle.internal.classloader.VisitableURLClassLoader                         : 34090K
Loader bootstrap                                                                       : 22953K
Loader org.gradle.initialization.MixInLegacyTypesClassLoader                           : 9517K
Loader org.gradle.internal.classloader.VisitableURLClassLoader$InstrumentingVisitableURLClassLoader: 2040K
Loader jdk.internal.loader.ClassLoaders$PlatformClassLoader                            : 518K
Loader jdk.internal.loader.ClassLoaders$AppClassLoader                                 : 234K
Loader org.gradle.internal.classloader.VisitableURLClassLoader                         : 124K
Loader jdk.internal.reflect.DelegatingClassLoader                                      : 123K

Classes loaded by more than one classloader:
Class Program                                                                         : loaded 4 times (x 70B)
Class org.gradle.internal.classloader.FilteringClassLoader                            : loaded 2 times (x 101B)
Class [Lcom.google.common.base.AbstractIterator$State;                                : loaded 2 times (x 65B)
Class com.google.common.base.CharMatcher$IsEither                                     : loaded 2 times (x 107B)
Class org.gradle.internal.classloader.ClassLoaderHierarchy                            : loaded 2 times (x 66B)
Class com.google.common.collect.ImmutableList$1                                       : loaded 2 times (x 93B)
Class org.gradle.api.internal.classpath.ManifestUtil                                  : loaded 2 times (x 67B)
Class com.google.common.collect.RegularImmutableMap                                   : loaded 2 times (x 117B)
Class com.google.common.collect.ImmutableMap$MapViewOfValuesAsSingletonSets           : loaded 2 times (x 121B)
Class com.google.common.collect.UnmodifiableListIterator                              : loaded 2 times (x 91B)
Class org.gradle.internal.classloader.DefaultClassLoaderFactory                       : loaded 2 times (x 78B)
Class com.google.common.base.CharMatcher$None                                         : loaded 2 times (x 108B)
Class org.gradle.internal.classloader.ClassLoaderVisitor                              : loaded 2 times (x 72B)
Class org.gradle.api.internal.classpath.EffectiveClassPath                            : loaded 2 times (x 86B)
Class com.google.common.collect.ImmutableEnumMap                                      : loaded 2 times (x 121B)
Class com.google.common.collect.ListMultimap                                          : loaded 2 times (x 66B)
Class com.google.common.base.Splitter                                                 : loaded 2 times (x 68B)
Class org.gradle.api.internal.DefaultClassPathProvider                                : loaded 2 times (x 72B)
Class [Lorg.gradle.api.internal.ClassPathProvider;                                    : loaded 2 times (x 65B)
Class org.gradle.api.internal.ClassPathProvider                                       : loaded 2 times (x 66B)
Class com.google.common.base.AbstractIterator$State                                   : loaded 2 times (x 75B)
Class org.gradle.internal.service.UnknownServiceException                             : loaded 2 times (x 79B)
Class com.google.common.collect.MapDifference                                         : loaded 2 times (x 66B)
Class com.google.common.base.Splitter$1                                               : loaded 2 times (x 73B)
Class org.gradle.internal.classpath.TransformedClassPath                              : loaded 2 times (x 92B)
Class org.gradle.internal.classloader.InstrumentingClassLoader                        : loaded 2 times (x 66B)
Class com.google.common.collect.Iterators$ArrayItr                                    : loaded 2 times (x 93B)
Class com.google.common.collect.ImmutableCollection$Builder                           : loaded 2 times (x 72B)
Class com.google.common.collect.Platform                                              : loaded 2 times (x 67B)
Class com.google.common.collect.UnmodifiableIterator                                  : loaded 2 times (x 76B)
Class org.gradle.internal.service.ServiceLocator                                      : loaded 2 times (x 66B)
Class com.google.common.collect.AbstractMapEntry                                      : loaded 2 times (x 77B)
Class com.google.common.collect.AbstractMultimap                                      : loaded 2 times (x 119B)
Class com.google.common.collect.RegularImmutableAsList                                : loaded 2 times (x 212B)
Class com.google.common.collect.Iterators                                             : loaded 2 times (x 67B)
Class com.google.common.base.CharMatcher$RangesMatcher                                : loaded 2 times (x 108B)
Class com.google.common.collect.Lists$StringAsImmutableList                           : loaded 2 times (x 203B)
Class org.gradle.kotlin.dsl.VersionCatalogAccessorsKt                                 : loaded 2 times (x 67B)
Class com.google.common.base.CharMatcher$JavaLetterOrDigit                            : loaded 2 times (x 107B)
Class org.gradle.internal.InternalTransformer                                         : loaded 2 times (x 66B)
Class com.google.common.base.CharMatcher$And                                          : loaded 2 times (x 108B)
Class org.gradle.internal.classloader.ClasspathUtil$1                                 : loaded 2 times (x 72B)
Class com.google.common.collect.IndexedImmutableSet                                   : loaded 2 times (x 146B)
Class com.google.common.collect.ImmutableMap$1                                        : loaded 2 times (x 77B)
Class com.google.common.collect.BiMap                                                 : loaded 2 times (x 66B)
Class org.gradle.api.internal.classpath.DefaultModuleRegistry$DefaultModule           : loaded 2 times (x 82B)
Class com.google.common.collect.AbstractIterator                                      : loaded 2 times (x 78B)
Class com.google.common.math.MathPreconditions                                        : loaded 2 times (x 67B)
Class com.google.common.collect.Multiset                                              : loaded 2 times (x 66B)
Class com.google.common.collect.ArrayListMultimapGwtSerializationDependencies         : loaded 2 times (x 168B)
Class com.google.common.collect.ObjectArrays                                          : loaded 2 times (x 67B)
Class com.google.common.collect.AbstractIndexedListIterator                           : loaded 2 times (x 92B)
Class com.google.common.collect.ImmutableMapEntrySet                                  : loaded 2 times (x 147B)
Class org.gradle.api.internal.classpath.Module                                        : loaded 2 times (x 66B)
Class org.gradle.api.internal.classpath.UnknownModuleException                        : loaded 2 times (x 78B)
Class com.google.common.collect.ImmutableMap$Builder                                  : loaded 2 times (x 78B)
Class com.google.common.base.NullnessCasts                                            : loaded 2 times (x 67B)
Class org.gradle.api.internal.DefaultClassPathRegistry                                : loaded 2 times (x 72B)
Class com.google.common.collect.Multimap                                              : loaded 2 times (x 66B)
Class org.gradle.api.internal.ClassPathRegistry                                       : loaded 2 times (x 66B)
Class org.gradle.internal.classpath.DefaultClassPath$ImmutableUniqueList              : loaded 2 times (x 195B)
Class com.google.common.collect.SingletonImmutableList                                : loaded 2 times (x 203B)
Class com.google.common.collect.RegularImmutableMap$KeySet                            : loaded 2 times (x 146B)
Class Settings_gradle$1                                                               : loaded 2 times (x 70B)
Class org.gradle.internal.classpath.ClassPath                                         : loaded 2 times (x 66B)
Class org.gradle.api.UncheckedIOException                                             : loaded 2 times (x 78B)
Class com.google.common.collect.ImmutableList$ReverseImmutableList                    : loaded 2 times (x 204B)
Class com.google.common.base.JdkPattern                                               : loaded 2 times (x 71B)
Class com.google.common.collect.Iterators$1                                           : loaded 2 times (x 77B)
Class com.google.common.collect.SingletonImmutableSet                                 : loaded 2 times (x 142B)
Class com.google.common.collect.ImmutableMap$IteratorBasedImmutableMap                : loaded 2 times (x 121B)
Class com.google.common.collect.Iterators$4                                           : loaded 2 times (x 78B)
Class com.google.common.collect.ImmutableBiMap                                        : loaded 2 times (x 139B)
Class com.google.common.collect.AbstractListMultimap                                  : loaded 2 times (x 168B)
Class org.gradle.internal.installation.GradleInstallation$1                           : loaded 2 times (x 71B)
Class org.gradle.api.internal.classpath.ModuleRegistry                                : loaded 2 times (x 66B)
Class com.google.common.collect.Iterators$5                                           : loaded 2 times (x 78B)
Class com.google.common.collect.ImmutableSet$JdkBackedSetBuilderImpl                  : loaded 2 times (x 72B)
Class com.google.common.base.Splitter$SplittingIterator                               : loaded 2 times (x 80B)
Class com.google.common.base.CharMatcher$ForPredicate                                 : loaded 2 times (x 108B)
Class com.google.common.collect.ImmutableCollection                                   : loaded 2 times (x 121B)
Class com.google.common.base.CharMatcher$AnyOf                                        : loaded 2 times (x 108B)
Class org.gradle.api.internal.classpath.DefaultModuleRegistry                         : loaded 2 times (x 82B)
Class com.google.common.collect.ImmutableSet$CachingAsList                            : loaded 2 times (x 143B)
Class com.google.common.base.Converter                                                : loaded 2 times (x 86B)
Class com.google.common.collect.Lists                                                 : loaded 2 times (x 67B)
Class com.google.common.base.CharMatcher$Any                                          : loaded 2 times (x 108B)
Class com.google.common.collect.Iterators$9                                           : loaded 2 times (x 77B)
Class com.google.common.collect.AbstractMapBasedMultimap                              : loaded 2 times (x 135B)
Class com.google.common.collect.ImmutableAsList                                       : loaded 2 times (x 205B)
Class com.google.common.collect.Maps$EntryTransformer                                 : loaded 2 times (x 66B)
Class org.gradle.internal.service.ServiceLookupException                              : loaded 2 times (x 78B)
Class com.google.common.base.CharMatcher$JavaLetter                                   : loaded 2 times (x 107B)
Class org.gradle.internal.classloader.ClassLoaderFactory                              : loaded 2 times (x 66B)
Class com.google.common.base.CharMatcher$IsNot                                        : loaded 2 times (x 107B)
Class com.google.common.base.CommonPattern                                            : loaded 2 times (x 70B)
Class org.gradle.internal.service.CachingServiceLocator                               : loaded 2 times (x 78B)
Class com.google.common.math.IntMath                                                  : loaded 2 times (x 67B)
Class com.google.common.collect.Iterators$10                                          : loaded 2 times (x 77B)
Class com.google.common.collect.ImmutableMapEntry                                     : loaded 2 times (x 81B)
Class com.google.common.base.CharMatcher$JavaDigit                                    : loaded 2 times (x 107B)
Class com.google.common.collect.ImmutableMapEntry$NonTerminalImmutableMapEntry        : loaded 2 times (x 81B)
Class com.google.common.base.Function                                                 : loaded 2 times (x 66B)
Class com.google.common.collect.RegularImmutableList                                  : loaded 2 times (x 208B)
Class com.google.common.collect.ImmutableBiMapFauxverideShim                          : loaded 2 times (x 116B)
Class org.gradle.internal.classloader.ClasspathUtil                                   : loaded 2 times (x 67B)
Class com.google.common.collect.Maps                                                  : loaded 2 times (x 67B)
Class com.google.common.base.CharMatcher$JavaUpperCase                                : loaded 2 times (x 107B)
Class org.gradle.api.specs.Spec                                                       : loaded 2 times (x 66B)
Class Build_gradle$1                                                                  : loaded 2 times (x 74B)
Class com.google.common.collect.Maps$8                                                : loaded 2 times (x 78B)
Class com.google.common.base.CharMatcher$Invisible                                    : loaded 2 times (x 108B)
Class org.gradle.internal.classloader.VisitableURLClassLoader$InstrumentingVisitableURLClassLoader: loaded 2 times (x 119B)
Class com.google.common.math.IntMath$1                                                : loaded 2 times (x 67B)
Class org.gradle.internal.classloader.VisitableURLClassLoader$Spec                    : loaded 2 times (x 70B)
Class org.gradle.internal.classpath.DefaultClassPath                                  : loaded 2 times (x 86B)
Class com.google.common.base.AbstractIterator                                         : loaded 2 times (x 76B)
Class com.google.common.collect.RegularImmutableMap$Values                            : loaded 2 times (x 203B)
Class com.google.common.collect.ImmutableSet                                          : loaded 2 times (x 141B)
Class com.google.common.base.CharMatcher$Ascii                                        : loaded 2 times (x 108B)
Class com.google.common.base.CharMatcher$BitSetMatcher                                : loaded 2 times (x 108B)
Class org.gradle.internal.classloader.ClassLoaderSpec                                 : loaded 2 times (x 67B)
Class com.google.common.base.CharMatcher$Or                                           : loaded 2 times (x 108B)
Class Settings_gradle$1$1                                                             : loaded 2 times (x 70B)
Class org.gradle.internal.classloader.VisitableURLClassLoader                         : loaded 2 times (x 113B)
Class Settings_gradle                                                                 : loaded 2 times (x 124B)
Class org.gradle.internal.Cast                                                        : loaded 2 times (x 67B)
Class org.gradle.api.Action                                                           : loaded 2 times (x 66B)
Class com.google.common.base.CharMatcher$FastMatcher                                  : loaded 2 times (x 107B)
Class com.google.common.collect.ImmutableMap                                          : loaded 2 times (x 116B)
Class com.google.common.base.Predicate                                                : loaded 2 times (x 66B)
Class org.gradle.internal.classpath.DefaultClassPath$ImmutableUniqueList$Builder      : loaded 2 times (x 71B)
Class com.google.common.base.CharMatcher$NegatedFastMatcher                           : loaded 2 times (x 109B)
Class com.google.common.collect.ImmutableEntry                                        : loaded 2 times (x 78B)
Class com.google.common.collect.ArrayListMultimap                                     : loaded 2 times (x 168B)
Class com.google.common.base.AbstractIterator$1                                       : loaded 2 times (x 67B)
Class com.google.common.base.CharMatcher$Digit                                        : loaded 2 times (x 108B)
Class org.gradle.api.GradleException                                                  : loaded 2 times (x 78B)
Class com.google.common.collect.CollectPreconditions                                  : loaded 2 times (x 67B)
Class com.google.common.base.CharMatcher$JavaIsoControl                               : loaded 2 times (x 108B)
Class com.google.common.collect.SortedMapDifference                                   : loaded 2 times (x 66B)
Class com.google.common.base.CharMatcher$JavaLowerCase                                : loaded 2 times (x 107B)
Class com.google.common.base.Splitter$1$1                                             : loaded 2 times (x 82B)
Class com.google.common.base.CharMatcher$Whitespace                                   : loaded 2 times (x 108B)
Class org.gradle.internal.IoActions                                                   : loaded 2 times (x 67B)
Class com.google.common.collect.ImmutableSet$RegularSetBuilderImpl                    : loaded 2 times (x 73B)
Class com.google.common.base.CharMatcher$SingleWidth                                  : loaded 2 times (x 108B)
Class org.gradle.internal.classloader.SystemClassLoaderSpec                           : loaded 2 times (x 67B)
Class com.google.common.collect.RegularImmutableMap$BucketOverflowException           : loaded 2 times (x 78B)
Class com.google.common.base.CharMatcher$Is                                           : loaded 2 times (x 107B)
Class com.google.common.base.CharMatcher$Negated                                      : loaded 2 times (x 109B)
Class com.google.common.collect.Hashing                                               : loaded 2 times (x 67B)
Class com.google.common.base.Preconditions                                            : loaded 2 times (x 67B)
Class com.google.common.collect.PeekingIterator                                       : loaded 2 times (x 66B)
Class com.google.common.base.CharMatcher                                              : loaded 2 times (x 107B)
Class com.google.common.base.CharMatcher$1                                            : loaded 2 times (x 109B)
Class com.google.common.base.CharMatcher$NamedFastMatcher                             : loaded 2 times (x 108B)
Class org.gradle.api.internal.classpath.GlobalCacheRootsProvider                      : loaded 2 times (x 66B)
Class com.google.common.collect.ImmutableMapEntrySet$RegularEntrySet                  : loaded 2 times (x 147B)
Class com.google.common.collect.Maps$BiMapConverter                                   : loaded 2 times (x 86B)
Class com.google.common.collect.ImmutableSet$Builder                                  : loaded 2 times (x 81B)
Class com.google.common.base.CharMatcher$InRange                                      : loaded 2 times (x 107B)
Class Build_gradle                                                                    : loaded 2 times (x 68B)
Class org.gradle.internal.installation.CurrentGradleInstallationLocator               : loaded 2 times (x 67B)
Class com.google.common.collect.ImmutableSet$EmptySetBuilderImpl                      : loaded 2 times (x 72B)
Class com.google.common.collect.ImmutableList                                         : loaded 2 times (x 202B)
Class org.gradle.internal.service.DefaultServiceLocator                               : loaded 2 times (x 79B)
Class com.google.common.collect.ImmutableSet$SetBuilderImpl                           : loaded 2 times (x 72B)
Class org.gradle.internal.installation.CurrentGradleInstallation                      : loaded 2 times (x 69B)
Class com.google.common.collect.ImmutableList$SubList                                 : loaded 2 times (x 204B)
Class org.gradle.util.internal.GUtil                                                  : loaded 2 times (x 67B)
Class com.google.common.collect.Iterators$MergingIterator                             : loaded 2 times (x 77B)
Class com.google.common.collect.RegularImmutableSet                                   : loaded 2 times (x 144B)
Class org.gradle.internal.installation.GradleInstallation                             : loaded 2 times (x 71B)
Class com.google.common.collect.Iterables                                             : loaded 2 times (x 67B)
Class com.google.common.base.Splitter$Strategy                                        : loaded 2 times (x 66B)

---------------  S Y S T E M  ---------------

OS:
 Windows 11 , 64 bit Build 26100 (10.0.26100.3037)
OS uptime: 0 days 4:28 hours
Hyper-V role detected

CPU: total 12 (initial active 12) (12 cores per cpu, 2 threads per core) family 25 model 80 stepping 0 microcode 0xa50000d, cx8, cmov, fxsr, ht, mmx, 3dnowpref, sse, sse2, sse3, ssse3, sse4a, sse4.1, sse4.2, popcnt, lzcnt, tsc, tscinvbit, avx, avx2, aes, erms, clmul, bmi1, bmi2, adx, sha, fma, vzeroupper, clflush, clflushopt, hv, rdtscp, rdpid, fsrm, f16c, cet_ss
Processor Information for processor 0
  Max Mhz: 3301, Current Mhz: 2011, Mhz Limit: 3301
Processor Information for processor 1
  Max Mhz: 3301, Current Mhz: 2011, Mhz Limit: 3301
Processor Information for processor 2
  Max Mhz: 3301, Current Mhz: 2011, Mhz Limit: 3301
Processor Information for processor 3
  Max Mhz: 3301, Current Mhz: 2011, Mhz Limit: 3301
Processor Information for processor 4
  Max Mhz: 3301, Current Mhz: 2011, Mhz Limit: 3301
Processor Information for processor 5
  Max Mhz: 3301, Current Mhz: 2011, Mhz Limit: 3301
Processor Information for processor 6
  Max Mhz: 3301, Current Mhz: 2011, Mhz Limit: 3301
Processor Information for processor 7
  Max Mhz: 3301, Current Mhz: 2011, Mhz Limit: 3301
Processor Information for processor 8
  Max Mhz: 3301, Current Mhz: 2011, Mhz Limit: 3301
Processor Information for processor 9
  Max Mhz: 3301, Current Mhz: 2011, Mhz Limit: 3301
Processor Information for processor 10
  Max Mhz: 3301, Current Mhz: 3301, Mhz Limit: 3301
Processor Information for processor 11
  Max Mhz: 3301, Current Mhz: 2011, Mhz Limit: 3301

Memory: 4k page, system-wide physical 15773M (3840M free)
TotalPageFile size 15773M (AvailPageFile size 6M)
current process WorkingSet (physical memory assigned to process): 344M, peak: 344M
current process commit charge ("private bytes"): 382M, peak: 385M

vm_info: OpenJDK 64-Bit Server VM (21.0.4+-12508038-b607.1) for windows-amd64 JRE (21.0.4+-12508038-b607.1), built on 2024-10-16T17:23:34Z by "builder" with MS VC++ 16.10 / 16.11 (VS2019)

END.
