#
# There is insufficient memory for the Java Runtime Environment to continue.
# Native memory allocation (mmap) failed to map 260046848 bytes. Error detail: G1 virtual space
# Possible reasons:
#   The system is out of physical RAM or swap space
#   This process is running with CompressedOops enabled, and the Java Heap may be blocking the growth of the native heap
# Possible solutions:
#   Reduce memory load on the system
#   Increase physical memory or swap space
#   Check if swap backing store is full
#   Decrease Java heap size (-Xmx/-Xms)
#   Decrease number of Java threads
#   Decrease Java thread stack sizes (-Xss)
#   Set larger code cache with -XX:ReservedCodeCacheSize=
#   JVM is running with Zero Based Compressed Oops mode in which the Java heap is
#     placed in the first 32GB address space. The Java Heap base address is the
#     maximum limit for the native heap growth. Please use -XX:HeapBaseMinAddress
#     to set the Java Heap base and to place the Java Heap above 32GB virtual address.
# This output file may be truncated or incomplete.
#
#  Out of Memory Error (os_windows.cpp:3828), pid=2968, tid=19220
#
# JRE version:  (21.0.4) (build )
# Java VM: OpenJDK 64-Bit Server VM (21.0.4+-12508038-b607.1, mixed mode, sharing, tiered, compressed oops, compressed class ptrs, g1 gc, windows-amd64)
# No core dump will be written. Minidumps are not enabled by default on client versions of Windows
#

---------------  S U M M A R Y ------------

Command Line: git4idea.http.GitAskPassApp Username for 'https://github.com': 

Host: AMD Ryzen 5 5600H with Radeon Graphics         , 12 cores, 15G,  Windows 11 , 64 bit Build 26100 (10.0.26100.3037)
Time: Wed Feb 12 09:57:39 2025 India Standard Time elapsed time: 1.031042 seconds (0d 0h 0m 1s)

---------------  T H R E A D  ---------------

Current thread (0x0000027944bc32c0):  JavaThread "Unknown thread" [_thread_in_vm, id=19220, stack(0x0000009d82300000,0x0000009d82400000) (1024K)]

Stack: [0x0000009d82300000,0x0000009d82400000]
Native frames: (J=compiled Java code, j=interpreted, Vv=VM code, C=native code)
V  [jvm.dll+0x6ce539]
V  [jvm.dll+0x85bf03]
V  [jvm.dll+0x85e45e]
V  [jvm.dll+0x85eb43]
V  [jvm.dll+0x27dd06]
V  [jvm.dll+0x6cada5]
V  [jvm.dll+0x6bf27a]
V  [jvm.dll+0x3541fb]
V  [jvm.dll+0x35be36]
V  [jvm.dll+0x3adbc6]
V  [jvm.dll+0x3ade98]
V  [jvm.dll+0x32691c]
V  [jvm.dll+0x32760b]
V  [jvm.dll+0x823959]
V  [jvm.dll+0x3bacf8]
V  [jvm.dll+0x80cd58]
V  [jvm.dll+0x44ef2e]
V  [jvm.dll+0x450691]
C  [jli.dll+0x52ab]
C  [ucrtbase.dll+0x37b0]
C  [KERNEL32.DLL+0x2e8d7]
C  [ntdll.dll+0xbbf2c]


---------------  P R O C E S S  ---------------

Threads class SMR info:
_java_thread_list=0x00007ffcc078a808, length=0, elements={
}

Java Threads: ( => current thread )
Total: 0

Other Threads:
  0x0000027946fac910 WorkerThread "GC Thread#0"                     [id=19320, stack(0x0000009d82400000,0x0000009d82500000) (1024K)]
  0x0000027946fbce80 ConcurrentGCThread "G1 Main Marker"            [id=10340, stack(0x0000009d82500000,0x0000009d82600000) (1024K)]
  0x0000027946fc1890 WorkerThread "G1 Conc#0"                       [id=10472, stack(0x0000009d82600000,0x0000009d82700000) (1024K)]

[error occurred during error reporting (printing all threads), id 0xc0000005, EXCEPTION_ACCESS_VIOLATION (0xc0000005) at pc=0x00007ffcbff89957]
VM state: not at safepoint (not fully initialized)

VM Mutex/Monitor currently owned by a thread:  ([mutex/lock_event])
[0x00007ffcc07f73f8] Heap_lock - owner thread: 0x0000027944bc32c0

Heap address: 0x0000000709800000, size: 3944 MB, Compressed Oops mode: Zero based, Oop shift amount: 3

CDS archive(s) mapped at: [0x0000000000000000-0x0000000000000000-0x0000000000000000), size 0, SharedBaseAddress: 0x0000000800000000, ArchiveRelocationMode: 1.
Narrow klass base: 0x0000000000000000, Narrow klass shift: 0, Narrow klass range: 0x0

GC Precious Log:
 CardTable entry size: 512
 Card Set container configuration: InlinePtr #cards 4 size 8 Array Of Cards #cards 16 size 48 Howl #buckets 8 coarsen threshold 3686 Howl Bitmap #cards 512 size 80 coarsen threshold 460 Card regions per heap region 1 cards per card region 4096

Heap:
 garbage-first heap   total 0K, used 0K [0x0000000709800000, 0x0000000800000000)
  region size 2048K, 0 young (0K), 0 survivors (0K)
 Metaspace       used 0K, committed 0K, reserved 0K
  class space    used 0K, committed 0K, reserved 0K

Heap Regions: E=young(eden), S=young(survivor), O=old, HS=humongous(starts), HC=humongous(continues), CS=collection set, F=free, TAMS=top-at-mark-start, PB=parsable bottom

Card table byte_map: [0x0000027959db0000,0x000002795a570000] _byte_map_base: 0x0000027956564000

Marking Bits: (CMBitMap*) 0x0000027946facf20
 Bits: [0x000002795a570000, 0x000002795e310000)

GC Heap History (0 events):
No events

Dll operation events (1 events):
Event: 0.005 Loaded shared library E:\Environment\Android Studio\jbr\bin\java.dll

Deoptimization events (0 events):
No events

Classes loaded (0 events):
No events

Classes unloaded (0 events):
No events

Classes redefined (0 events):
No events

Internal exceptions (0 events):
No events

ZGC Phase Switch (0 events):
No events

VM Operations (0 events):
No events

Memory protections (0 events):
No events

Nmethod flushes (0 events):
No events

Events (0 events):
No events


Dynamic libraries:
0x00007ff763d10000 - 0x00007ff763d1a000 	E:\Environment\Android Studio\jbr\bin\java.exe
0x00007ffd8e000000 - 0x00007ffd8e263000 	C:\WINDOWS\SYSTEM32\ntdll.dll
0x00007ffd8c500000 - 0x00007ffd8c5c7000 	C:\WINDOWS\System32\KERNEL32.DLL
0x00007ffd8b660000 - 0x00007ffd8ba27000 	C:\WINDOWS\System32\KERNELBASE.dll
0x00007ffd8b510000 - 0x00007ffd8b65c000 	C:\WINDOWS\System32\ucrtbase.dll
0x00007ffd86600000 - 0x00007ffd86618000 	E:\Environment\Android Studio\jbr\bin\jli.dll
0x00007ffcbfc30000 - 0x00007ffcbfc4b000 	E:\Environment\Android Studio\jbr\bin\VCRUNTIME140.dll
0x00007ffd8d4c0000 - 0x00007ffd8d689000 	C:\WINDOWS\System32\USER32.dll
0x00007ffd8b450000 - 0x00007ffd8b477000 	C:\WINDOWS\System32\win32u.dll
0x00007ffd78440000 - 0x00007ffd786d0000 	C:\WINDOWS\WinSxS\amd64_microsoft.windows.common-controls_6595b64144ccf1df_6.0.26100.3037_none_3e09262ce333c378\COMCTL32.dll
0x00007ffd8d880000 - 0x00007ffd8d8aa000 	C:\WINDOWS\System32\GDI32.dll
0x00007ffd8d3f0000 - 0x00007ffd8d499000 	C:\WINDOWS\System32\msvcrt.dll
0x00007ffd8bad0000 - 0x00007ffd8bbfb000 	C:\WINDOWS\System32\gdi32full.dll
0x00007ffd8b3a0000 - 0x00007ffd8b443000 	C:\WINDOWS\System32\msvcp_win.dll
0x00007ffd8d150000 - 0x00007ffd8d17f000 	C:\WINDOWS\System32\IMM32.DLL
0x00007ffd851a0000 - 0x00007ffd851ac000 	E:\Environment\Android Studio\jbr\bin\vcruntime140_1.dll
0x00007ffd338f0000 - 0x00007ffd3397d000 	E:\Environment\Android Studio\jbr\bin\msvcp140.dll
0x00007ffcbfc50000 - 0x00007ffcc08d3000 	E:\Environment\Android Studio\jbr\bin\server\jvm.dll
0x00007ffd8d7c0000 - 0x00007ffd8d874000 	C:\WINDOWS\System32\ADVAPI32.dll
0x00007ffd8cd20000 - 0x00007ffd8cdc6000 	C:\WINDOWS\System32\sechost.dll
0x00007ffd8d6a0000 - 0x00007ffd8d7b6000 	C:\WINDOWS\System32\RPCRT4.dll
0x00007ffd8d270000 - 0x00007ffd8d2e4000 	C:\WINDOWS\System32\WS2_32.dll
0x00007ffd8b230000 - 0x00007ffd8b27e000 	C:\WINDOWS\SYSTEM32\POWRPROF.dll
0x00007ffd819d0000 - 0x00007ffd819db000 	C:\WINDOWS\SYSTEM32\VERSION.dll
0x00007ffd80250000 - 0x00007ffd80286000 	C:\WINDOWS\SYSTEM32\WINMM.dll
0x00007ffd8b210000 - 0x00007ffd8b224000 	C:\WINDOWS\SYSTEM32\UMPDC.dll
0x00007ffd8a1d0000 - 0x00007ffd8a1ea000 	C:\WINDOWS\SYSTEM32\kernel.appcore.dll
0x00007ffd69690000 - 0x00007ffd6969a000 	E:\Environment\Android Studio\jbr\bin\jimage.dll
0x00007ffd88ba0000 - 0x00007ffd88de1000 	C:\WINDOWS\SYSTEM32\DBGHELP.DLL
0x00007ffd8c730000 - 0x00007ffd8caae000 	C:\WINDOWS\System32\combase.dll
0x00007ffd8bf30000 - 0x00007ffd8c006000 	C:\WINDOWS\System32\OLEAUT32.dll
0x00007ffd56440000 - 0x00007ffd56479000 	C:\WINDOWS\SYSTEM32\dbgcore.DLL
0x00007ffd8ba30000 - 0x00007ffd8bac9000 	C:\WINDOWS\System32\bcryptPrimitives.dll
0x00007ffcbfc10000 - 0x00007ffcbfc30000 	E:\Environment\Android Studio\jbr\bin\java.dll

dbghelp: loaded successfully - version: 4.0.5 - missing functions: none
symbol engine: initialized successfully - sym options: 0x614 - pdb path: .;E:\Environment\Android Studio\jbr\bin;C:\WINDOWS\SYSTEM32;C:\WINDOWS\WinSxS\amd64_microsoft.windows.common-controls_6595b64144ccf1df_6.0.26100.3037_none_3e09262ce333c378;E:\Environment\Android Studio\jbr\bin\server

VM Arguments:
java_command: git4idea.http.GitAskPassApp Username for 'https://github.com': 
java_class_path (initial): E:/Environment/Android Studio/plugins/vcs-git/lib/git4idea-rt.jar;E:/Environment/Android Studio/lib/externalProcess-rt.jar
Launcher Type: SUN_STANDARD

[Global flags]
     intx CICompilerCount                          = 4                                         {product} {ergonomic}
     uint ConcGCThreads                            = 3                                         {product} {ergonomic}
     uint G1ConcRefinementThreads                  = 10                                        {product} {ergonomic}
   size_t G1HeapRegionSize                         = 2097152                                   {product} {ergonomic}
    uintx GCDrainStackTargetSize                   = 64                                        {product} {ergonomic}
   size_t InitialHeapSize                          = 260046848                                 {product} {ergonomic}
   size_t MarkStackSize                            = 4194304                                   {product} {ergonomic}
   size_t MaxHeapSize                              = 4135583744                                {product} {ergonomic}
   size_t MinHeapDeltaBytes                        = 2097152                                   {product} {ergonomic}
   size_t MinHeapSize                              = 8388608                                   {product} {ergonomic}
    uintx NonNMethodCodeHeapSize                   = 5839372                                {pd product} {ergonomic}
    uintx NonProfiledCodeHeapSize                  = 122909434                              {pd product} {ergonomic}
    uintx ProfiledCodeHeapSize                     = 122909434                              {pd product} {ergonomic}
    uintx ReservedCodeCacheSize                    = 251658240                              {pd product} {ergonomic}
     bool SegmentedCodeCache                       = true                                      {product} {ergonomic}
   size_t SoftMaxHeapSize                          = 4135583744                             {manageable} {ergonomic}
     bool UseCompressedOops                        = true                           {product lp64_product} {ergonomic}
     bool UseG1GC                                  = true                                      {product} {ergonomic}
     bool UseLargePagesIndividualAllocation        = false                                  {pd product} {ergonomic}

Logging:
Log output configuration:
 #0: stdout all=warning uptime,level,tags foldmultilines=false
 #1: stderr all=off uptime,level,tags foldmultilines=false

Environment Variables:
PATH=C:\Program Files\Git\mingw64\libexec\git-core;C:\Program Files\Git\mingw64\libexec\git-core;C:\Program Files\Git\mingw64\bin;C:\Program Files\Git\usr\bin;C:\Users\dhruv\bin;C:\Program Files (x86)\Common Files\Oracle\Java\javapath;D:\ORACAL\app\oracle\product\10.2.0\server\bin;C:\Windows\system32;C:\Windows;C:\Windows\System32\Wbem;C:\Windows\System32\WindowsPowerShell\v1.0;C:\Windows\System32\OpenSSH;C:\Program Files (x86)\NVIDIA Corporation\PhysX\Common;C:\Program Files\NVIDIA Corporation\NVIDIA NvDLISR;C:\WINDOWS\system32;C:\WINDOWS;C:\WINDOWS\System32\Wbem;C:\WINDOWS\System32\WindowsPowerShell\v1.0;C:\WINDOWS\System32\OpenSSH;C:\Program Files\Git\cmd;C:\Program Files\Git\mingw64\bin;C:\Program Files\Git\usr\bin;C:\Users\dhruv\AppData\Local\Microsoft\WindowsApps;C:\Users\dhruv\AppData\Local\Programs\Microsoft VS Code\bin;C:\Program Files\Java\jdk-1.8\bin;D:\platform-tools
USERNAME=dhruv
DISPLAY=:0.0
LC_ALL=en_US.UTF-8
TERM=xterm-256color
TMPDIR=C:\Users\dhruv\AppData\Local\Temp
OS=Windows_NT
PROCESSOR_IDENTIFIER=AMD64 Family 25 Model 80 Stepping 0, AuthenticAMD
TMP=C:\Users\dhruv\AppData\Local\Temp
TEMP=C:\Users\dhruv\AppData\Local\Temp




Periodic native trim disabled

JNI global refs:
JNI global refs: 0, weak refs: 0

JNI global refs memory usage: 0, weak refs: 0

Process memory usage:
Resident Set Size: 12864K (0% of 16151900K total physical memory with 4073296K free physical memory)

OOME stack traces (most recent first):
Classloader memory used:

---------------  S Y S T E M  ---------------

OS:
 Windows 11 , 64 bit Build 26100 (10.0.26100.3037)
OS uptime: 0 days 0:29 hours
Hyper-V role detected

CPU: total 12 (initial active 12) (12 cores per cpu, 2 threads per core) family 25 model 80 stepping 0 microcode 0xa50000d, cx8, cmov, fxsr, ht, mmx, 3dnowpref, sse, sse2, sse3, ssse3, sse4a, sse4.1, sse4.2, popcnt, lzcnt, tsc, tscinvbit, avx, avx2, aes, erms, clmul, bmi1, bmi2, adx, sha, fma, vzeroupper, clflush, clflushopt, hv, rdtscp, rdpid, fsrm, f16c, cet_ss
Processor Information for processor 0
  Max Mhz: 3301, Current Mhz: 2011, Mhz Limit: 3301
Processor Information for processor 1
  Max Mhz: 3301, Current Mhz: 2011, Mhz Limit: 3301
Processor Information for processor 2
  Max Mhz: 3301, Current Mhz: 2011, Mhz Limit: 3301
Processor Information for processor 3
  Max Mhz: 3301, Current Mhz: 2011, Mhz Limit: 3301
Processor Information for processor 4
  Max Mhz: 3301, Current Mhz: 2011, Mhz Limit: 3301
Processor Information for processor 5
  Max Mhz: 3301, Current Mhz: 2011, Mhz Limit: 3301
Processor Information for processor 6
  Max Mhz: 3301, Current Mhz: 2011, Mhz Limit: 3301
Processor Information for processor 7
  Max Mhz: 3301, Current Mhz: 2011, Mhz Limit: 3301
Processor Information for processor 8
  Max Mhz: 3301, Current Mhz: 2011, Mhz Limit: 3301
Processor Information for processor 9
  Max Mhz: 3301, Current Mhz: 3301, Mhz Limit: 3301
Processor Information for processor 10
  Max Mhz: 3301, Current Mhz: 2011, Mhz Limit: 3301
Processor Information for processor 11
  Max Mhz: 3301, Current Mhz: 2011, Mhz Limit: 3301

Memory: 4k page, system-wide physical 15773M (3977M free)
TotalPageFile size 15773M (AvailPageFile size 20M)
current process WorkingSet (physical memory assigned to process): 12M, peak: 12M
current process commit charge ("private bytes"): 64M, peak: 312M

vm_info: OpenJDK 64-Bit Server VM (21.0.4+-12508038-b607.1) for windows-amd64 JRE (21.0.4+-12508038-b607.1), built on 2024-10-16T17:23:34Z by "builder" with MS VC++ 16.10 / 16.11 (VS2019)

END.
